<?xml version="1.0" encoding="utf-8"?>
<CoverageSession xmlns:xsd="http://www.w3.org/2001/XMLSchema" xmlns:xsi="http://www.w3.org/2001/XMLSchema-instance" Version="0.0.0.0">
  <Summary numSequencePoints="3" visitedSequencePoints="3" numBranchPoints="0" visitedBranchPoints="0" sequenceCoverage="100.0" branchCoverage="0.0" maxCyclomaticComplexity="0" minCyclomaticComplexity="0" maxCrapScore="0" minCrapScore="0" visitedClasses="1" numClasses="1" visitedMethods="1" numMethods="1" />
  <Modules>
    <Module>
      <Summary numSequencePoints="3" visitedSequencePoints="3" numBranchPoints="0" visitedBranchPoints="0" sequenceCoverage="100.0" branchCoverage="0.0" maxCyclomaticComplexity="0" minCyclomaticComplexity="0" maxCrapScore="0" minCrapScore="0" visitedClasses="1" numClasses="1" visitedMethods="1" numMethods="1" />
      <ModuleTime>0001-01-01T00:00:00</ModuleTime>
      <ModuleName>FlappyBird</ModuleName>
      <Files>
        <File uid="1" fullPath="D:/App/Unity Project/FlappyBird-main/Assets/Scripts/CombatSystem.cs" />
        <File uid="2" fullPath="D:/App/Unity Project/FlappyBird-main/Assets/Scripts/FlappyBirdScript.cs" />
        <File uid="3" fullPath="D:/App/Unity Project/FlappyBird-main/Assets/Scripts/LogicScript.cs" />
        <File uid="4" fullPath="D:/App/Unity Project/FlappyBird-main/Assets/Scripts/MenuButtonScript.cs" />
        <File uid="5" fullPath="D:/App/Unity Project/FlappyBird-main/Assets/Scripts/MiddleScript.cs" />
        <File uid="6" fullPath="D:/App/Unity Project/FlappyBird-main/Assets/Scripts/MoveSpeedScript.cs" />
        <File uid="7" fullPath="D:/App/Unity Project/FlappyBird-main/Assets/Scripts/PipeScript.cs" />
        <File uid="8" fullPath="D:/App/Unity Project/FlappyBird-main/Assets/Scripts/ScoreSystem.cs" />
      </Files>
      <Classes>
        <Class>
          <Summary numSequencePoints="3" visitedSequencePoints="3" numBranchPoints="0" visitedBranchPoints="0" sequenceCoverage="100.0" branchCoverage="0.0" maxCyclomaticComplexity="0" minCyclomaticComplexity="0" maxCrapScore="0" minCrapScore="0" visitedClasses="1" numClasses="1" visitedMethods="1" numMethods="1" />
          <FullName>ScoreSystem</FullName>
          <Methods>
            <Method visited="true" cyclomaticComplexity="0" nPathComplexity="0" sequenceCoverage="100.0" branchCoverage="0" crapScore="0" isConstructor="false" isStatic="false" isGetter="false" isSetter="false">
              <Summary numSequencePoints="3" visitedSequencePoints="3" numBranchPoints="0" visitedBranchPoints="0" sequenceCoverage="100.0" branchCoverage="0" maxCyclomaticComplexity="0" minCyclomaticComplexity="0" maxCrapScore="0" minCrapScore="0" visitedClasses="0" numClasses="0" visitedMethods="1" numMethods="1" />
              <MetadataToken>100663324</MetadataToken>
              <Name>System.Int32 ScoreSystem::CalculateScore(System.Int32, System.Int32)</Name>
              <FileRef uid="8" />
              <SequencePoints>
                <SequencePoint vc="1" uspid="1247" ordinal="0" offset="0" sl="6" sc="5" el="6" ec="5" bec="0" bev="0" fileid="8" />
                <SequencePoint vc="1" uspid="1248" ordinal="0" offset="1" sl="7" sc="9" el="7" ec="9" bec="0" bev="0" fileid="8" />
                <SequencePoint vc="1" uspid="1249" ordinal="0" offset="7" sl="8" sc="5" el="8" ec="5" bec="0" bev="0" fileid="8" />
              </SequencePoints>
              <BranchPoints />
            </Method>
          </Methods>
        </Class>
      </Classes>
    </Module>
  </Modules>
</CoverageSession>