<?xml version="1.0" encoding="utf-8"?>
<CoverageSession xmlns:xsd="http://www.w3.org/2001/XMLSchema" xmlns:xsi="http://www.w3.org/2001/XMLSchema-instance" Version="0.0.0.0">
  <Summary numSequencePoints="119" visitedSequencePoints="119" numBranchPoints="0" visitedBranchPoints="0" sequenceCoverage="100.0" branchCoverage="0.0" maxCyclomaticComplexity="0" minCyclomaticComplexity="0" maxCrapScore="0" minCrapScore="0" visitedClasses="3" numClasses="3" visitedMethods="25" numMethods="25" />
  <Modules>
    <Module>
      <Summary numSequencePoints="17" visitedSequencePoints="17" numBranchPoints="0" visitedBranchPoints="0" sequenceCoverage="100.0" branchCoverage="0.0" maxCyclomaticComplexity="0" minCyclomaticComplexity="0" maxCrapScore="0" minCrapScore="0" visitedClasses="2" numClasses="2" visitedMethods="5" numMethods="5" />
      <ModuleTime>0001-01-01T00:00:00</ModuleTime>
      <ModuleName>FlappyBird</ModuleName>
      <Files>
        <File uid="1" fullPath="D:/App/Unity Project/FlappyBird-main/Assets/Scripts/FlappyBirdScript.cs" />
        <File uid="2" fullPath="D:/App/Unity Project/FlappyBird-main/Assets/Scripts/LogicScript.cs" />
        <File uid="3" fullPath="D:/App/Unity Project/FlappyBird-main/Assets/Scripts/MenuButtonScript.cs" />
        <File uid="4" fullPath="D:/App/Unity Project/FlappyBird-main/Assets/Scripts/MiddleScript.cs" />
        <File uid="5" fullPath="D:/App/Unity Project/FlappyBird-main/Assets/Scripts/MoveSpeedScript.cs" />
        <File uid="6" fullPath="D:/App/Unity Project/FlappyBird-main/Assets/Scripts/PipeScript.cs" />
      </Files>
      <Classes>
        <Class>
          <Summary numSequencePoints="6" visitedSequencePoints="6" numBranchPoints="0" visitedBranchPoints="0" sequenceCoverage="100.0" branchCoverage="0.0" maxCyclomaticComplexity="0" minCyclomaticComplexity="0" maxCrapScore="0" minCrapScore="0" visitedClasses="1" numClasses="1" visitedMethods="2" numMethods="2" />
          <FullName>FlappyBirdScript</FullName>
          <Methods>
            <Method visited="true" cyclomaticComplexity="0" nPathComplexity="0" sequenceCoverage="100.0" branchCoverage="0" crapScore="0" isConstructor="false" isStatic="false" isGetter="false" isSetter="false">
              <Summary numSequencePoints="5" visitedSequencePoints="5" numBranchPoints="0" visitedBranchPoints="0" sequenceCoverage="100.0" branchCoverage="0" maxCyclomaticComplexity="0" minCyclomaticComplexity="0" maxCrapScore="0" minCrapScore="0" visitedClasses="0" numClasses="0" visitedMethods="1" numMethods="1" />
              <MetadataToken>100663299</MetadataToken>
              <Name>System.Void FlappyBirdScript::OnCollisionEnter2D(UnityEngine.Collision2D)</Name>
              <FileRef uid="1" />
              <SequencePoints>
                <SequencePoint vc="4" uspid="1141" ordinal="0" offset="0" sl="55" sc="5" el="55" ec="5" bec="0" bev="0" fileid="1" />
                <SequencePoint vc="4" uspid="1142" ordinal="0" offset="1" sl="56" sc="9" el="56" ec="9" bec="0" bev="0" fileid="1" />
                <SequencePoint vc="4" uspid="1143" ordinal="0" offset="18" sl="57" sc="9" el="57" ec="9" bec="0" bev="0" fileid="1" />
                <SequencePoint vc="4" uspid="1144" ordinal="0" offset="30" sl="58" sc="9" el="58" ec="9" bec="0" bev="0" fileid="1" />
                <SequencePoint vc="4" uspid="1145" ordinal="0" offset="37" sl="59" sc="5" el="59" ec="5" bec="0" bev="0" fileid="1" />
              </SequencePoints>
              <BranchPoints />
            </Method>
            <Method visited="true" cyclomaticComplexity="0" nPathComplexity="0" sequenceCoverage="100.0" branchCoverage="0" crapScore="0" isConstructor="true" isStatic="false" isGetter="false" isSetter="false">
              <Summary numSequencePoints="1" visitedSequencePoints="1" numBranchPoints="0" visitedBranchPoints="0" sequenceCoverage="100.0" branchCoverage="0" maxCyclomaticComplexity="0" minCyclomaticComplexity="0" maxCrapScore="0" minCrapScore="0" visitedClasses="0" numClasses="0" visitedMethods="1" numMethods="1" />
              <MetadataToken>100663300</MetadataToken>
              <Name>FlappyBirdScript::FlappyBirdScript()</Name>
              <FileRef uid="1" />
              <SequencePoints>
                <SequencePoint vc="18" uspid="1146" ordinal="0" offset="0" sl="10" sc="5" el="10" ec="5" bec="0" bev="0" fileid="1" />
              </SequencePoints>
              <BranchPoints />
            </Method>
          </Methods>
        </Class>
        <Class>
          <Summary numSequencePoints="11" visitedSequencePoints="11" numBranchPoints="0" visitedBranchPoints="0" sequenceCoverage="100.0" branchCoverage="0.0" maxCyclomaticComplexity="0" minCyclomaticComplexity="0" maxCrapScore="0" minCrapScore="0" visitedClasses="1" numClasses="1" visitedMethods="3" numMethods="3" />
          <FullName>LogicScript</FullName>
          <Methods>
            <Method visited="true" cyclomaticComplexity="0" nPathComplexity="0" sequenceCoverage="100.0" branchCoverage="0" crapScore="0" isConstructor="false" isStatic="false" isGetter="false" isSetter="false">
              <Summary numSequencePoints="3" visitedSequencePoints="3" numBranchPoints="0" visitedBranchPoints="0" sequenceCoverage="100.0" branchCoverage="0" maxCyclomaticComplexity="0" minCyclomaticComplexity="0" maxCrapScore="0" minCrapScore="0" visitedClasses="0" numClasses="0" visitedMethods="1" numMethods="1" />
              <MetadataToken>100663301</MetadataToken>
              <Name>System.Void LogicScript::Start()</Name>
              <FileRef uid="2" />
              <SequencePoints>
                <SequencePoint vc="18" uspid="1147" ordinal="0" offset="0" sl="15" sc="5" el="15" ec="5" bec="0" bev="0" fileid="2" />
                <SequencePoint vc="18" uspid="1148" ordinal="0" offset="1" sl="16" sc="9" el="16" ec="9" bec="0" bev="0" fileid="2" />
                <SequencePoint vc="18" uspid="1149" ordinal="0" offset="13" sl="17" sc="5" el="17" ec="5" bec="0" bev="0" fileid="2" />
              </SequencePoints>
              <BranchPoints />
            </Method>
            <Method visited="true" cyclomaticComplexity="0" nPathComplexity="0" sequenceCoverage="100.0" branchCoverage="0" crapScore="0" isConstructor="false" isStatic="false" isGetter="false" isSetter="false">
              <Summary numSequencePoints="4" visitedSequencePoints="4" numBranchPoints="0" visitedBranchPoints="0" sequenceCoverage="100.0" branchCoverage="0" maxCyclomaticComplexity="0" minCyclomaticComplexity="0" maxCrapScore="0" minCrapScore="0" visitedClasses="0" numClasses="0" visitedMethods="1" numMethods="1" />
              <MetadataToken>100663302</MetadataToken>
              <Name>System.Void LogicScript::addscore()</Name>
              <FileRef uid="2" />
              <SequencePoints>
                <SequencePoint vc="4" uspid="1150" ordinal="0" offset="0" sl="19" sc="5" el="19" ec="5" bec="0" bev="0" fileid="2" />
                <SequencePoint vc="4" uspid="1151" ordinal="0" offset="1" sl="20" sc="9" el="20" ec="9" bec="0" bev="0" fileid="2" />
                <SequencePoint vc="4" uspid="1152" ordinal="0" offset="15" sl="21" sc="9" el="21" ec="9" bec="0" bev="0" fileid="2" />
                <SequencePoint vc="4" uspid="1153" ordinal="0" offset="38" sl="22" sc="5" el="22" ec="5" bec="0" bev="0" fileid="2" />
              </SequencePoints>
              <BranchPoints />
            </Method>
            <Method visited="true" cyclomaticComplexity="0" nPathComplexity="0" sequenceCoverage="100.0" branchCoverage="0" crapScore="0" isConstructor="false" isStatic="false" isGetter="false" isSetter="false">
              <Summary numSequencePoints="4" visitedSequencePoints="4" numBranchPoints="0" visitedBranchPoints="0" sequenceCoverage="100.0" branchCoverage="0" maxCyclomaticComplexity="0" minCyclomaticComplexity="0" maxCrapScore="0" minCrapScore="0" visitedClasses="0" numClasses="0" visitedMethods="1" numMethods="1" />
              <MetadataToken>100663304</MetadataToken>
              <Name>System.Void LogicScript::gameover()</Name>
              <FileRef uid="2" />
              <SequencePoints>
                <SequencePoint vc="8" uspid="1157" ordinal="0" offset="0" sl="28" sc="5" el="28" ec="5" bec="0" bev="0" fileid="2" />
                <SequencePoint vc="8" uspid="1158" ordinal="0" offset="1" sl="29" sc="9" el="29" ec="9" bec="0" bev="0" fileid="2" />
                <SequencePoint vc="8" uspid="1159" ordinal="0" offset="13" sl="30" sc="9" el="30" ec="9" bec="0" bev="0" fileid="2" />
                <SequencePoint vc="8" uspid="1160" ordinal="0" offset="26" sl="31" sc="5" el="31" ec="5" bec="0" bev="0" fileid="2" />
              </SequencePoints>
              <BranchPoints />
            </Method>
          </Methods>
        </Class>
      </Classes>
    </Module>
    <Module>
      <Summary numSequencePoints="102" visitedSequencePoints="102" numBranchPoints="0" visitedBranchPoints="0" sequenceCoverage="100.0" branchCoverage="0.0" maxCyclomaticComplexity="0" minCyclomaticComplexity="0" maxCrapScore="0" minCrapScore="0" visitedClasses="1" numClasses="1" visitedMethods="20" numMethods="20" />
      <ModuleTime>0001-01-01T00:00:00</ModuleTime>
      <ModuleName>Tests</ModuleName>
      <Files>
        <File uid="7" fullPath="D:/App/Unity Project/FlappyBird-main/Assets/Tests/Test 1.cs" />
        <File uid="8" fullPath="D:/App/Unity Project/FlappyBird-main/Assets/Tests/TestAnimation_BirdFlap.cs" />
        <File uid="9" fullPath="D:/App/Unity Project/FlappyBird-main/Assets/Tests/TestAnimation_PipeMovement.cs" />
        <File uid="10" fullPath="D:/App/Unity Project/FlappyBird-main/Assets/Tests/TestAudio_BirdFlapSound.cs" />
        <File uid="11" fullPath="D:/App/Unity Project/FlappyBird-main/Assets/Tests/TestAudio_GameOverSound.cs" />
        <File uid="12" fullPath="D:/App/Unity Project/FlappyBird-main/Assets/Tests/TestCD01.cs" />
        <File uid="13" fullPath="D:/App/Unity Project/FlappyBird-main/Assets/Tests/TestCD02.cs" />
        <File uid="14" fullPath="D:/App/Unity Project/FlappyBird-main/Assets/Tests/TestCD03.cs" />
        <File uid="15" fullPath="D:/App/Unity Project/FlappyBird-main/Assets/Tests/TestEffects_SpeedIncrease.cs" />
        <File uid="16" fullPath="D:/App/Unity Project/FlappyBird-main/Assets/Tests/TestHUD_GameOverScreenDisplay.cs" />
        <File uid="17" fullPath="D:/App/Unity Project/FlappyBird-main/Assets/Tests/TestHUD_ScoreDisplayOnCollect.cs" />
        <File uid="18" fullPath="D:/App/Unity Project/FlappyBird-main/Assets/Tests/TestHV01.cs" />
        <File uid="19" fullPath="D:/App/Unity Project/FlappyBird-main/Assets/Tests/TestHV02.cs" />
        <File uid="20" fullPath="D:/App/Unity Project/FlappyBird-main/Assets/Tests/TestHV03.cs" />
        <File uid="21" fullPath="D:/App/Unity Project/FlappyBird-main/Assets/Tests/TestKN01.cs" />
        <File uid="22" fullPath="D:/App/Unity Project/FlappyBird-main/Assets/Tests/TestKN02.cs" />
        <File uid="23" fullPath="D:/App/Unity Project/FlappyBird-main/Assets/Tests/TestKN03.cs" />
        <File uid="24" fullPath="D:/App/Unity Project/FlappyBird-main/Assets/Tests/TestLab8_ParallelTesting.cs" />
        <File uid="25" fullPath="D:/App/Unity Project/FlappyBird-main/Assets/Tests/TestNV01.cs" />
        <File uid="26" fullPath="D:/App/Unity Project/FlappyBird-main/Assets/Tests/TestNV02.cs" />
        <File uid="27" fullPath="D:/App/Unity Project/FlappyBird-main/Assets/Tests/TestNV03.cs" />
        <File uid="28" fullPath="D:/App/Unity Project/FlappyBird-main/Assets/Tests/TestTC01.cs" />
        <File uid="29" fullPath="D:/App/Unity Project/FlappyBird-main/Assets/Tests/TestTC02.cs" />
        <File uid="30" fullPath="D:/App/Unity Project/FlappyBird-main/Assets/Tests/TestTC03.cs" />
        <File uid="31" fullPath="D:/App/Unity Project/FlappyBird-main/Assets/Tests/TestUI_GameOverButtons.cs" />
        <File uid="32" fullPath="D:/App/Unity Project/FlappyBird-main/Assets/Tests/TestIntegration_FlappyBird.cs" />
        <File uid="33" fullPath="D:/App/Unity Project/FlappyBird-main/Assets/Tests/TestUI_MainMenu.cs" />
      </Files>
      <Classes>
        <Class>
          <Summary numSequencePoints="102" visitedSequencePoints="102" numBranchPoints="0" visitedBranchPoints="0" sequenceCoverage="100.0" branchCoverage="0.0" maxCyclomaticComplexity="0" minCyclomaticComplexity="0" maxCrapScore="0" minCrapScore="0" visitedClasses="1" numClasses="1" visitedMethods="20" numMethods="20" />
          <FullName>TestLab8_ParallelTesting</FullName>
          <Methods>
            <Method visited="true" cyclomaticComplexity="0" nPathComplexity="0" sequenceCoverage="100.0" branchCoverage="0" crapScore="0" isConstructor="false" isStatic="false" isGetter="false" isSetter="false">
              <Summary numSequencePoints="20" visitedSequencePoints="20" numBranchPoints="0" visitedBranchPoints="0" sequenceCoverage="100.0" branchCoverage="0" maxCyclomaticComplexity="0" minCyclomaticComplexity="0" maxCrapScore="0" minCrapScore="0" visitedClasses="0" numClasses="0" visitedMethods="1" numMethods="1" />
              <MetadataToken>100663366</MetadataToken>
              <Name>System.Void TestLab8_ParallelTesting::SetUp()</Name>
              <FileRef uid="24" />
              <SequencePoints>
                <SequencePoint vc="18" uspid="1672" ordinal="0" offset="0" sl="19" sc="5" el="19" ec="5" bec="0" bev="0" fileid="24" />
                <SequencePoint vc="18" uspid="1673" ordinal="0" offset="1" sl="21" sc="9" el="21" ec="9" bec="0" bev="0" fileid="24" />
                <SequencePoint vc="18" uspid="1674" ordinal="0" offset="17" sl="22" sc="9" el="22" ec="9" bec="0" bev="0" fileid="24" />
                <SequencePoint vc="18" uspid="1675" ordinal="0" offset="34" sl="23" sc="9" el="23" ec="9" bec="0" bev="0" fileid="24" />
                <SequencePoint vc="18" uspid="1676" ordinal="0" offset="51" sl="26" sc="9" el="26" ec="9" bec="0" bev="0" fileid="24" />
                <SequencePoint vc="18" uspid="1677" ordinal="0" offset="62" sl="27" sc="9" el="27" ec="9" bec="0" bev="0" fileid="24" />
                <SequencePoint vc="18" uspid="1678" ordinal="0" offset="69" sl="28" sc="9" el="28" ec="9" bec="0" bev="0" fileid="24" />
                <SequencePoint vc="18" uspid="1679" ordinal="0" offset="81" sl="31" sc="9" el="31" ec="9" bec="0" bev="0" fileid="24" />
                <SequencePoint vc="18" uspid="1680" ordinal="0" offset="92" sl="32" sc="9" el="32" ec="9" bec="0" bev="0" fileid="24" />
                <SequencePoint vc="18" uspid="1681" ordinal="0" offset="100" sl="33" sc="9" el="33" ec="9" bec="0" bev="0" fileid="24" />
                <SequencePoint vc="18" uspid="1682" ordinal="0" offset="112" sl="36" sc="9" el="36" ec="9" bec="0" bev="0" fileid="24" />
                <SequencePoint vc="18" uspid="1683" ordinal="0" offset="124" sl="37" sc="9" el="37" ec="9" bec="0" bev="0" fileid="24" />
                <SequencePoint vc="18" uspid="1684" ordinal="0" offset="136" sl="40" sc="9" el="40" ec="9" bec="0" bev="0" fileid="24" />
                <SequencePoint vc="18" uspid="1685" ordinal="0" offset="148" sl="44" sc="9" el="44" ec="9" bec="0" bev="0" fileid="24" />
                <SequencePoint vc="18" uspid="1686" ordinal="0" offset="164" sl="45" sc="9" el="45" ec="9" bec="0" bev="0" fileid="24" />
                <SequencePoint vc="18" uspid="1687" ordinal="0" offset="181" sl="47" sc="9" el="47" ec="9" bec="0" bev="0" fileid="24" />
                <SequencePoint vc="18" uspid="1688" ordinal="0" offset="203" sl="48" sc="9" el="48" ec="9" bec="0" bev="0" fileid="24" />
                <SequencePoint vc="18" uspid="1689" ordinal="0" offset="225" sl="51" sc="9" el="51" ec="9" bec="0" bev="0" fileid="24" />
                <SequencePoint vc="18" uspid="1690" ordinal="0" offset="242" sl="52" sc="9" el="52" ec="9" bec="0" bev="0" fileid="24" />
                <SequencePoint vc="18" uspid="1691" ordinal="0" offset="254" sl="53" sc="5" el="53" ec="5" bec="0" bev="0" fileid="24" />
              </SequencePoints>
              <BranchPoints />
            </Method>
            <Method visited="true" cyclomaticComplexity="0" nPathComplexity="0" sequenceCoverage="100.0" branchCoverage="0" crapScore="0" isConstructor="false" isStatic="false" isGetter="false" isSetter="false">
              <Summary numSequencePoints="12" visitedSequencePoints="12" numBranchPoints="0" visitedBranchPoints="0" sequenceCoverage="100.0" branchCoverage="0" maxCyclomaticComplexity="0" minCyclomaticComplexity="0" maxCrapScore="0" minCrapScore="0" visitedClasses="0" numClasses="0" visitedMethods="1" numMethods="1" />
              <MetadataToken>100663367</MetadataToken>
              <Name>System.Void TestLab8_ParallelTesting::TearDown()</Name>
              <FileRef uid="24" />
              <SequencePoints>
                <SequencePoint vc="18" uspid="1692" ordinal="0" offset="0" sl="57" sc="5" el="57" ec="5" bec="0" bev="0" fileid="24" />
                <SequencePoint vc="18" uspid="1693" ordinal="0" offset="1" sl="58" sc="9" el="58" ec="9" bec="0" bev="0" fileid="24" />
                <SequencePoint vc="18" uspid="1694" ordinal="0" offset="17" sl="58" sc="31" el="58" ec="31" bec="0" bev="0" fileid="24" />
                <SequencePoint vc="18" uspid="1695" ordinal="0" offset="29" sl="59" sc="9" el="59" ec="9" bec="0" bev="0" fileid="24" />
                <SequencePoint vc="18" uspid="1696" ordinal="0" offset="45" sl="59" sc="30" el="59" ec="30" bec="0" bev="0" fileid="24" />
                <SequencePoint vc="18" uspid="1697" ordinal="0" offset="57" sl="62" sc="9" el="62" ec="9" bec="0" bev="0" fileid="24" />
                <SequencePoint vc="18" uspid="1698" ordinal="0" offset="63" sl="63" sc="9" el="63" ec="9" bec="0" bev="0" fileid="24" />
                <SequencePoint vc="18" uspid="1699" ordinal="0" offset="64" sl="63" sc="27" el="63" ec="27" bec="0" bev="0" fileid="24" />
                <SequencePoint vc="18" uspid="1700" ordinal="0" offset="71" sl="63" sc="18" el="63" ec="18" bec="0" bev="0" fileid="24" />
                <SequencePoint vc="18" uspid="1701" ordinal="0" offset="77" sl="63" sc="37" el="63" ec="37" bec="0" bev="0" fileid="24" />
                <SequencePoint vc="36" uspid="1702" ordinal="0" offset="96" sl="63" sc="24" el="63" ec="24" bec="0" bev="0" fileid="24" />
                <SequencePoint vc="18" uspid="1703" ordinal="0" offset="103" sl="64" sc="5" el="64" ec="5" bec="0" bev="0" fileid="24" />
              </SequencePoints>
              <BranchPoints />
            </Method>
            <Method visited="true" cyclomaticComplexity="0" nPathComplexity="0" sequenceCoverage="100.0" branchCoverage="0" crapScore="0" isConstructor="false" isStatic="false" isGetter="false" isSetter="false">
              <Summary numSequencePoints="3" visitedSequencePoints="3" numBranchPoints="0" visitedBranchPoints="0" sequenceCoverage="100.0" branchCoverage="0" maxCyclomaticComplexity="0" minCyclomaticComplexity="0" maxCrapScore="0" minCrapScore="0" visitedClasses="0" numClasses="0" visitedMethods="1" numMethods="1" />
              <MetadataToken>100663368</MetadataToken>
              <Name>System.Void TestLab8_ParallelTesting::PC_Logic1_Score_BanDau_Bang0()</Name>
              <FileRef uid="24" />
              <SequencePoints>
                <SequencePoint vc="1" uspid="1704" ordinal="0" offset="0" sl="73" sc="5" el="73" ec="5" bec="0" bev="0" fileid="24" />
                <SequencePoint vc="1" uspid="1705" ordinal="0" offset="1" sl="74" sc="9" el="74" ec="9" bec="0" bev="0" fileid="24" />
                <SequencePoint vc="1" uspid="1706" ordinal="0" offset="39" sl="75" sc="5" el="75" ec="5" bec="0" bev="0" fileid="24" />
              </SequencePoints>
              <BranchPoints />
            </Method>
            <Method visited="true" cyclomaticComplexity="0" nPathComplexity="0" sequenceCoverage="100.0" branchCoverage="0" crapScore="0" isConstructor="false" isStatic="false" isGetter="false" isSetter="false">
              <Summary numSequencePoints="5" visitedSequencePoints="5" numBranchPoints="0" visitedBranchPoints="0" sequenceCoverage="100.0" branchCoverage="0" maxCyclomaticComplexity="0" minCyclomaticComplexity="0" maxCrapScore="0" minCrapScore="0" visitedClasses="0" numClasses="0" visitedMethods="1" numMethods="1" />
              <MetadataToken>100663369</MetadataToken>
              <Name>System.Void TestLab8_ParallelTesting::PC_Logic1_Score_Tang1Diem_KhiGoiHam()</Name>
              <FileRef uid="24" />
              <SequencePoints>
                <SequencePoint vc="1" uspid="1707" ordinal="0" offset="0" sl="79" sc="5" el="79" ec="5" bec="0" bev="0" fileid="24" />
                <SequencePoint vc="1" uspid="1708" ordinal="0" offset="1" sl="80" sc="9" el="80" ec="9" bec="0" bev="0" fileid="24" />
                <SequencePoint vc="1" uspid="1709" ordinal="0" offset="13" sl="81" sc="9" el="81" ec="9" bec="0" bev="0" fileid="24" />
                <SequencePoint vc="1" uspid="1710" ordinal="0" offset="25" sl="82" sc="9" el="82" ec="9" bec="0" bev="0" fileid="24" />
                <SequencePoint vc="1" uspid="1711" ordinal="0" offset="63" sl="83" sc="5" el="83" ec="5" bec="0" bev="0" fileid="24" />
              </SequencePoints>
              <BranchPoints />
            </Method>
            <Method visited="true" cyclomaticComplexity="0" nPathComplexity="0" sequenceCoverage="100.0" branchCoverage="0" crapScore="0" isConstructor="false" isStatic="false" isGetter="false" isSetter="false">
              <Summary numSequencePoints="5" visitedSequencePoints="5" numBranchPoints="0" visitedBranchPoints="0" sequenceCoverage="100.0" branchCoverage="0" maxCyclomaticComplexity="0" minCyclomaticComplexity="0" maxCrapScore="0" minCrapScore="0" visitedClasses="0" numClasses="0" visitedMethods="1" numMethods="1" />
              <MetadataToken>100663370</MetadataToken>
              <Name>System.Void TestLab8_ParallelTesting::PC_Logic1_Score_CapNhat_HienThiText()</Name>
              <FileRef uid="24" />
              <SequencePoints>
                <SequencePoint vc="1" uspid="1712" ordinal="0" offset="0" sl="87" sc="5" el="87" ec="5" bec="0" bev="0" fileid="24" />
                <SequencePoint vc="1" uspid="1713" ordinal="0" offset="1" sl="88" sc="9" el="88" ec="9" bec="0" bev="0" fileid="24" />
                <SequencePoint vc="1" uspid="1714" ordinal="0" offset="13" sl="89" sc="9" el="89" ec="9" bec="0" bev="0" fileid="24" />
                <SequencePoint vc="1" uspid="1715" ordinal="0" offset="25" sl="90" sc="9" el="90" ec="9" bec="0" bev="0" fileid="24" />
                <SequencePoint vc="1" uspid="1716" ordinal="0" offset="62" sl="91" sc="5" el="91" ec="5" bec="0" bev="0" fileid="24" />
              </SequencePoints>
              <BranchPoints />
            </Method>
            <Method visited="true" cyclomaticComplexity="0" nPathComplexity="0" sequenceCoverage="100.0" branchCoverage="0" crapScore="0" isConstructor="false" isStatic="false" isGetter="false" isSetter="false">
              <Summary numSequencePoints="3" visitedSequencePoints="3" numBranchPoints="0" visitedBranchPoints="0" sequenceCoverage="100.0" branchCoverage="0" maxCyclomaticComplexity="0" minCyclomaticComplexity="0" maxCrapScore="0" minCrapScore="0" visitedClasses="0" numClasses="0" visitedMethods="1" numMethods="1" />
              <MetadataToken>100663371</MetadataToken>
              <Name>System.Void TestLab8_ParallelTesting::Mobile_Logic1_Score_BanDau_Bang0()</Name>
              <FileRef uid="24" />
              <SequencePoints>
                <SequencePoint vc="1" uspid="1717" ordinal="0" offset="0" sl="97" sc="5" el="97" ec="5" bec="0" bev="0" fileid="24" />
                <SequencePoint vc="1" uspid="1718" ordinal="0" offset="1" sl="98" sc="9" el="98" ec="9" bec="0" bev="0" fileid="24" />
                <SequencePoint vc="1" uspid="1719" ordinal="0" offset="39" sl="99" sc="5" el="99" ec="5" bec="0" bev="0" fileid="24" />
              </SequencePoints>
              <BranchPoints />
            </Method>
            <Method visited="true" cyclomaticComplexity="0" nPathComplexity="0" sequenceCoverage="100.0" branchCoverage="0" crapScore="0" isConstructor="false" isStatic="false" isGetter="false" isSetter="false">
              <Summary numSequencePoints="5" visitedSequencePoints="5" numBranchPoints="0" visitedBranchPoints="0" sequenceCoverage="100.0" branchCoverage="0" maxCyclomaticComplexity="0" minCyclomaticComplexity="0" maxCrapScore="0" minCrapScore="0" visitedClasses="0" numClasses="0" visitedMethods="1" numMethods="1" />
              <MetadataToken>100663372</MetadataToken>
              <Name>System.Void TestLab8_ParallelTesting::Mobile_Logic1_Score_Tang1Diem_KhiGoiHam()</Name>
              <FileRef uid="24" />
              <SequencePoints>
                <SequencePoint vc="1" uspid="1720" ordinal="0" offset="0" sl="103" sc="5" el="103" ec="5" bec="0" bev="0" fileid="24" />
                <SequencePoint vc="1" uspid="1721" ordinal="0" offset="1" sl="104" sc="9" el="104" ec="9" bec="0" bev="0" fileid="24" />
                <SequencePoint vc="1" uspid="1722" ordinal="0" offset="13" sl="105" sc="9" el="105" ec="9" bec="0" bev="0" fileid="24" />
                <SequencePoint vc="1" uspid="1723" ordinal="0" offset="25" sl="106" sc="9" el="106" ec="9" bec="0" bev="0" fileid="24" />
                <SequencePoint vc="1" uspid="1724" ordinal="0" offset="63" sl="107" sc="5" el="107" ec="5" bec="0" bev="0" fileid="24" />
              </SequencePoints>
              <BranchPoints />
            </Method>
            <Method visited="true" cyclomaticComplexity="0" nPathComplexity="0" sequenceCoverage="100.0" branchCoverage="0" crapScore="0" isConstructor="false" isStatic="false" isGetter="false" isSetter="false">
              <Summary numSequencePoints="5" visitedSequencePoints="5" numBranchPoints="0" visitedBranchPoints="0" sequenceCoverage="100.0" branchCoverage="0" maxCyclomaticComplexity="0" minCyclomaticComplexity="0" maxCrapScore="0" minCrapScore="0" visitedClasses="0" numClasses="0" visitedMethods="1" numMethods="1" />
              <MetadataToken>100663373</MetadataToken>
              <Name>System.Void TestLab8_ParallelTesting::Mobile_Logic1_Score_CapNhat_HienThiText()</Name>
              <FileRef uid="24" />
              <SequencePoints>
                <SequencePoint vc="1" uspid="1725" ordinal="0" offset="0" sl="111" sc="5" el="111" ec="5" bec="0" bev="0" fileid="24" />
                <SequencePoint vc="1" uspid="1726" ordinal="0" offset="1" sl="112" sc="9" el="112" ec="9" bec="0" bev="0" fileid="24" />
                <SequencePoint vc="1" uspid="1727" ordinal="0" offset="13" sl="113" sc="9" el="113" ec="9" bec="0" bev="0" fileid="24" />
                <SequencePoint vc="1" uspid="1728" ordinal="0" offset="25" sl="114" sc="9" el="114" ec="9" bec="0" bev="0" fileid="24" />
                <SequencePoint vc="1" uspid="1729" ordinal="0" offset="62" sl="115" sc="5" el="115" ec="5" bec="0" bev="0" fileid="24" />
              </SequencePoints>
              <BranchPoints />
            </Method>
            <Method visited="true" cyclomaticComplexity="0" nPathComplexity="0" sequenceCoverage="100.0" branchCoverage="0" crapScore="0" isConstructor="false" isStatic="false" isGetter="false" isSetter="false">
              <Summary numSequencePoints="4" visitedSequencePoints="4" numBranchPoints="0" visitedBranchPoints="0" sequenceCoverage="100.0" branchCoverage="0" maxCyclomaticComplexity="0" minCyclomaticComplexity="0" maxCrapScore="0" minCrapScore="0" visitedClasses="0" numClasses="0" visitedMethods="1" numMethods="1" />
              <MetadataToken>100663374</MetadataToken>
              <Name>System.Void TestLab8_ParallelTesting::PC_Logic2_GameOverScreen_HienThi_KhiChet()</Name>
              <FileRef uid="24" />
              <SequencePoints>
                <SequencePoint vc="1" uspid="1730" ordinal="0" offset="0" sl="125" sc="5" el="125" ec="5" bec="0" bev="0" fileid="24" />
                <SequencePoint vc="1" uspid="1731" ordinal="0" offset="1" sl="126" sc="9" el="126" ec="9" bec="0" bev="0" fileid="24" />
                <SequencePoint vc="1" uspid="1732" ordinal="0" offset="13" sl="127" sc="9" el="127" ec="9" bec="0" bev="0" fileid="24" />
                <SequencePoint vc="1" uspid="1733" ordinal="0" offset="45" sl="128" sc="5" el="128" ec="5" bec="0" bev="0" fileid="24" />
              </SequencePoints>
              <BranchPoints />
            </Method>
            <Method visited="true" cyclomaticComplexity="0" nPathComplexity="0" sequenceCoverage="100.0" branchCoverage="0" crapScore="0" isConstructor="false" isStatic="false" isGetter="false" isSetter="false">
              <Summary numSequencePoints="4" visitedSequencePoints="4" numBranchPoints="0" visitedBranchPoints="0" sequenceCoverage="100.0" branchCoverage="0" maxCyclomaticComplexity="0" minCyclomaticComplexity="0" maxCrapScore="0" minCrapScore="0" visitedClasses="0" numClasses="0" visitedMethods="1" numMethods="1" />
              <MetadataToken>100663375</MetadataToken>
              <Name>System.Void TestLab8_ParallelTesting::PC_Logic2_GameOverAudio_DuocPhat()</Name>
              <FileRef uid="24" />
              <SequencePoints>
                <SequencePoint vc="1" uspid="1734" ordinal="0" offset="0" sl="132" sc="5" el="132" ec="5" bec="0" bev="0" fileid="24" />
                <SequencePoint vc="1" uspid="1735" ordinal="0" offset="1" sl="133" sc="9" el="133" ec="9" bec="0" bev="0" fileid="24" />
                <SequencePoint vc="1" uspid="1736" ordinal="0" offset="13" sl="134" sc="9" el="134" ec="9" bec="0" bev="0" fileid="24" />
                <SequencePoint vc="1" uspid="1737" ordinal="0" offset="45" sl="135" sc="5" el="135" ec="5" bec="0" bev="0" fileid="24" />
              </SequencePoints>
              <BranchPoints />
            </Method>
            <Method visited="true" cyclomaticComplexity="0" nPathComplexity="0" sequenceCoverage="100.0" branchCoverage="0" crapScore="0" isConstructor="false" isStatic="false" isGetter="false" isSetter="false">
              <Summary numSequencePoints="3" visitedSequencePoints="3" numBranchPoints="0" visitedBranchPoints="0" sequenceCoverage="100.0" branchCoverage="0" maxCyclomaticComplexity="0" minCyclomaticComplexity="0" maxCrapScore="0" minCrapScore="0" visitedClasses="0" numClasses="0" visitedMethods="1" numMethods="1" />
              <MetadataToken>100663376</MetadataToken>
              <Name>System.Void TestLab8_ParallelTesting::PC_Logic2_GameOverScreen_An_MacDinh()</Name>
              <FileRef uid="24" />
              <SequencePoints>
                <SequencePoint vc="1" uspid="1738" ordinal="0" offset="0" sl="139" sc="5" el="139" ec="5" bec="0" bev="0" fileid="24" />
                <SequencePoint vc="1" uspid="1739" ordinal="0" offset="1" sl="140" sc="9" el="140" ec="9" bec="0" bev="0" fileid="24" />
                <SequencePoint vc="1" uspid="1740" ordinal="0" offset="33" sl="141" sc="5" el="141" ec="5" bec="0" bev="0" fileid="24" />
              </SequencePoints>
              <BranchPoints />
            </Method>
            <Method visited="true" cyclomaticComplexity="0" nPathComplexity="0" sequenceCoverage="100.0" branchCoverage="0" crapScore="0" isConstructor="false" isStatic="false" isGetter="false" isSetter="false">
              <Summary numSequencePoints="4" visitedSequencePoints="4" numBranchPoints="0" visitedBranchPoints="0" sequenceCoverage="100.0" branchCoverage="0" maxCyclomaticComplexity="0" minCyclomaticComplexity="0" maxCrapScore="0" minCrapScore="0" visitedClasses="0" numClasses="0" visitedMethods="1" numMethods="1" />
              <MetadataToken>100663377</MetadataToken>
              <Name>System.Void TestLab8_ParallelTesting::Mobile_Logic2_GameOverScreen_HienThi_KhiChet()</Name>
              <FileRef uid="24" />
              <SequencePoints>
                <SequencePoint vc="1" uspid="1741" ordinal="0" offset="0" sl="147" sc="5" el="147" ec="5" bec="0" bev="0" fileid="24" />
                <SequencePoint vc="1" uspid="1742" ordinal="0" offset="1" sl="148" sc="9" el="148" ec="9" bec="0" bev="0" fileid="24" />
                <SequencePoint vc="1" uspid="1743" ordinal="0" offset="13" sl="149" sc="9" el="149" ec="9" bec="0" bev="0" fileid="24" />
                <SequencePoint vc="1" uspid="1744" ordinal="0" offset="45" sl="150" sc="5" el="150" ec="5" bec="0" bev="0" fileid="24" />
              </SequencePoints>
              <BranchPoints />
            </Method>
            <Method visited="true" cyclomaticComplexity="0" nPathComplexity="0" sequenceCoverage="100.0" branchCoverage="0" crapScore="0" isConstructor="false" isStatic="false" isGetter="false" isSetter="false">
              <Summary numSequencePoints="4" visitedSequencePoints="4" numBranchPoints="0" visitedBranchPoints="0" sequenceCoverage="100.0" branchCoverage="0" maxCyclomaticComplexity="0" minCyclomaticComplexity="0" maxCrapScore="0" minCrapScore="0" visitedClasses="0" numClasses="0" visitedMethods="1" numMethods="1" />
              <MetadataToken>100663378</MetadataToken>
              <Name>System.Void TestLab8_ParallelTesting::Mobile_Logic2_GameOverAudio_DuocPhat()</Name>
              <FileRef uid="24" />
              <SequencePoints>
                <SequencePoint vc="1" uspid="1745" ordinal="0" offset="0" sl="154" sc="5" el="154" ec="5" bec="0" bev="0" fileid="24" />
                <SequencePoint vc="1" uspid="1746" ordinal="0" offset="1" sl="155" sc="9" el="155" ec="9" bec="0" bev="0" fileid="24" />
                <SequencePoint vc="1" uspid="1747" ordinal="0" offset="13" sl="156" sc="9" el="156" ec="9" bec="0" bev="0" fileid="24" />
                <SequencePoint vc="1" uspid="1748" ordinal="0" offset="45" sl="157" sc="5" el="157" ec="5" bec="0" bev="0" fileid="24" />
              </SequencePoints>
              <BranchPoints />
            </Method>
            <Method visited="true" cyclomaticComplexity="0" nPathComplexity="0" sequenceCoverage="100.0" branchCoverage="0" crapScore="0" isConstructor="false" isStatic="false" isGetter="false" isSetter="false">
              <Summary numSequencePoints="3" visitedSequencePoints="3" numBranchPoints="0" visitedBranchPoints="0" sequenceCoverage="100.0" branchCoverage="0" maxCyclomaticComplexity="0" minCyclomaticComplexity="0" maxCrapScore="0" minCrapScore="0" visitedClasses="0" numClasses="0" visitedMethods="1" numMethods="1" />
              <MetadataToken>100663379</MetadataToken>
              <Name>System.Void TestLab8_ParallelTesting::Mobile_Logic2_GameOverScreen_An_MacDinh()</Name>
              <FileRef uid="24" />
              <SequencePoints>
                <SequencePoint vc="1" uspid="1749" ordinal="0" offset="0" sl="161" sc="5" el="161" ec="5" bec="0" bev="0" fileid="24" />
                <SequencePoint vc="1" uspid="1750" ordinal="0" offset="1" sl="162" sc="9" el="162" ec="9" bec="0" bev="0" fileid="24" />
                <SequencePoint vc="1" uspid="1751" ordinal="0" offset="33" sl="163" sc="5" el="163" ec="5" bec="0" bev="0" fileid="24" />
              </SequencePoints>
              <BranchPoints />
            </Method>
            <Method visited="true" cyclomaticComplexity="0" nPathComplexity="0" sequenceCoverage="100.0" branchCoverage="0" crapScore="0" isConstructor="false" isStatic="false" isGetter="false" isSetter="false">
              <Summary numSequencePoints="3" visitedSequencePoints="3" numBranchPoints="0" visitedBranchPoints="0" sequenceCoverage="100.0" branchCoverage="0" maxCyclomaticComplexity="0" minCyclomaticComplexity="0" maxCrapScore="0" minCrapScore="0" visitedClasses="0" numClasses="0" visitedMethods="1" numMethods="1" />
              <MetadataToken>100663380</MetadataToken>
              <Name>System.Void TestLab8_ParallelTesting::PC_Logic3_Bird_Alive_MacDinh()</Name>
              <FileRef uid="24" />
              <SequencePoints>
                <SequencePoint vc="1" uspid="1752" ordinal="0" offset="0" sl="173" sc="5" el="173" ec="5" bec="0" bev="0" fileid="24" />
                <SequencePoint vc="1" uspid="1753" ordinal="0" offset="1" sl="174" sc="9" el="174" ec="9" bec="0" bev="0" fileid="24" />
                <SequencePoint vc="1" uspid="1754" ordinal="0" offset="28" sl="175" sc="5" el="175" ec="5" bec="0" bev="0" fileid="24" />
              </SequencePoints>
              <BranchPoints />
            </Method>
            <Method visited="true" cyclomaticComplexity="0" nPathComplexity="0" sequenceCoverage="100.0" branchCoverage="0" crapScore="0" isConstructor="false" isStatic="false" isGetter="false" isSetter="false">
              <Summary numSequencePoints="4" visitedSequencePoints="4" numBranchPoints="0" visitedBranchPoints="0" sequenceCoverage="100.0" branchCoverage="0" maxCyclomaticComplexity="0" minCyclomaticComplexity="0" maxCrapScore="0" minCrapScore="0" visitedClasses="0" numClasses="0" visitedMethods="1" numMethods="1" />
              <MetadataToken>100663381</MetadataToken>
              <Name>System.Void TestLab8_ParallelTesting::PC_Logic3_Bird_Die_KhiVaCham()</Name>
              <FileRef uid="24" />
              <SequencePoints>
                <SequencePoint vc="1" uspid="1755" ordinal="0" offset="0" sl="179" sc="5" el="179" ec="5" bec="0" bev="0" fileid="24" />
                <SequencePoint vc="1" uspid="1756" ordinal="0" offset="1" sl="181" sc="9" el="181" ec="9" bec="0" bev="0" fileid="24" />
                <SequencePoint vc="1" uspid="1757" ordinal="0" offset="14" sl="182" sc="9" el="182" ec="9" bec="0" bev="0" fileid="24" />
                <SequencePoint vc="1" uspid="1758" ordinal="0" offset="41" sl="183" sc="5" el="183" ec="5" bec="0" bev="0" fileid="24" />
              </SequencePoints>
              <BranchPoints />
            </Method>
            <Method visited="true" cyclomaticComplexity="0" nPathComplexity="0" sequenceCoverage="100.0" branchCoverage="0" crapScore="0" isConstructor="false" isStatic="false" isGetter="false" isSetter="false">
              <Summary numSequencePoints="4" visitedSequencePoints="4" numBranchPoints="0" visitedBranchPoints="0" sequenceCoverage="100.0" branchCoverage="0" maxCyclomaticComplexity="0" minCyclomaticComplexity="0" maxCrapScore="0" minCrapScore="0" visitedClasses="0" numClasses="0" visitedMethods="1" numMethods="1" />
              <MetadataToken>100663382</MetadataToken>
              <Name>System.Void TestLab8_ParallelTesting::PC_Logic3_Bird_Die_Thì_GoiGameOver()</Name>
              <FileRef uid="24" />
              <SequencePoints>
                <SequencePoint vc="1" uspid="1759" ordinal="0" offset="0" sl="187" sc="5" el="187" ec="5" bec="0" bev="0" fileid="24" />
                <SequencePoint vc="1" uspid="1760" ordinal="0" offset="1" sl="188" sc="9" el="188" ec="9" bec="0" bev="0" fileid="24" />
                <SequencePoint vc="1" uspid="1761" ordinal="0" offset="14" sl="189" sc="9" el="189" ec="9" bec="0" bev="0" fileid="24" />
                <SequencePoint vc="1" uspid="1762" ordinal="0" offset="46" sl="190" sc="5" el="190" ec="5" bec="0" bev="0" fileid="24" />
              </SequencePoints>
              <BranchPoints />
            </Method>
            <Method visited="true" cyclomaticComplexity="0" nPathComplexity="0" sequenceCoverage="100.0" branchCoverage="0" crapScore="0" isConstructor="false" isStatic="false" isGetter="false" isSetter="false">
              <Summary numSequencePoints="3" visitedSequencePoints="3" numBranchPoints="0" visitedBranchPoints="0" sequenceCoverage="100.0" branchCoverage="0" maxCyclomaticComplexity="0" minCyclomaticComplexity="0" maxCrapScore="0" minCrapScore="0" visitedClasses="0" numClasses="0" visitedMethods="1" numMethods="1" />
              <MetadataToken>100663383</MetadataToken>
              <Name>System.Void TestLab8_ParallelTesting::Mobile_Logic3_Bird_Alive_MacDinh()</Name>
              <FileRef uid="24" />
              <SequencePoints>
                <SequencePoint vc="1" uspid="1763" ordinal="0" offset="0" sl="196" sc="5" el="196" ec="5" bec="0" bev="0" fileid="24" />
                <SequencePoint vc="1" uspid="1764" ordinal="0" offset="1" sl="197" sc="9" el="197" ec="9" bec="0" bev="0" fileid="24" />
                <SequencePoint vc="1" uspid="1765" ordinal="0" offset="28" sl="198" sc="5" el="198" ec="5" bec="0" bev="0" fileid="24" />
              </SequencePoints>
              <BranchPoints />
            </Method>
            <Method visited="true" cyclomaticComplexity="0" nPathComplexity="0" sequenceCoverage="100.0" branchCoverage="0" crapScore="0" isConstructor="false" isStatic="false" isGetter="false" isSetter="false">
              <Summary numSequencePoints="4" visitedSequencePoints="4" numBranchPoints="0" visitedBranchPoints="0" sequenceCoverage="100.0" branchCoverage="0" maxCyclomaticComplexity="0" minCyclomaticComplexity="0" maxCrapScore="0" minCrapScore="0" visitedClasses="0" numClasses="0" visitedMethods="1" numMethods="1" />
              <MetadataToken>100663384</MetadataToken>
              <Name>System.Void TestLab8_ParallelTesting::Mobile_Logic3_Bird_Die_KhiVaCham()</Name>
              <FileRef uid="24" />
              <SequencePoints>
                <SequencePoint vc="1" uspid="1766" ordinal="0" offset="0" sl="202" sc="5" el="202" ec="5" bec="0" bev="0" fileid="24" />
                <SequencePoint vc="1" uspid="1767" ordinal="0" offset="1" sl="203" sc="9" el="203" ec="9" bec="0" bev="0" fileid="24" />
                <SequencePoint vc="1" uspid="1768" ordinal="0" offset="14" sl="204" sc="9" el="204" ec="9" bec="0" bev="0" fileid="24" />
                <SequencePoint vc="1" uspid="1769" ordinal="0" offset="41" sl="205" sc="5" el="205" ec="5" bec="0" bev="0" fileid="24" />
              </SequencePoints>
              <BranchPoints />
            </Method>
            <Method visited="true" cyclomaticComplexity="0" nPathComplexity="0" sequenceCoverage="100.0" branchCoverage="0" crapScore="0" isConstructor="false" isStatic="false" isGetter="false" isSetter="false">
              <Summary numSequencePoints="4" visitedSequencePoints="4" numBranchPoints="0" visitedBranchPoints="0" sequenceCoverage="100.0" branchCoverage="0" maxCyclomaticComplexity="0" minCyclomaticComplexity="0" maxCrapScore="0" minCrapScore="0" visitedClasses="0" numClasses="0" visitedMethods="1" numMethods="1" />
              <MetadataToken>100663385</MetadataToken>
              <Name>System.Void TestLab8_ParallelTesting::Mobile_Logic3_Bird_Die_Thì_GoiGameOver()</Name>
              <FileRef uid="24" />
              <SequencePoints>
                <SequencePoint vc="1" uspid="1770" ordinal="0" offset="0" sl="209" sc="5" el="209" ec="5" bec="0" bev="0" fileid="24" />
                <SequencePoint vc="1" uspid="1771" ordinal="0" offset="1" sl="210" sc="9" el="210" ec="9" bec="0" bev="0" fileid="24" />
                <SequencePoint vc="1" uspid="1772" ordinal="0" offset="14" sl="211" sc="9" el="211" ec="9" bec="0" bev="0" fileid="24" />
                <SequencePoint vc="1" uspid="1773" ordinal="0" offset="46" sl="212" sc="5" el="212" ec="5" bec="0" bev="0" fileid="24" />
              </SequencePoints>
              <BranchPoints />
            </Method>
          </Methods>
        </Class>
      </Classes>
    </Module>
  </Modules>
</CoverageSession>