<?xml version="1.0" encoding="utf-8"?>
<CoverageSession xmlns:xsd="http://www.w3.org/2001/XMLSchema" xmlns:xsi="http://www.w3.org/2001/XMLSchema-instance" Version="0.0.0.0">
  <Summary numSequencePoints="1134" visitedSequencePoints="0" numBranchPoints="0" visitedBranchPoints="0" sequenceCoverage="0.0" branchCoverage="0.0" maxCyclomaticComplexity="0" minCyclomaticComplexity="0" maxCrapScore="0" minCrapScore="0" visitedClasses="0" numClasses="59" visitedMethods="0" numMethods="129" />
  <Modules>
    <Module>
      <Summary numSequencePoints="115" visitedSequencePoints="0" numBranchPoints="0" visitedBranchPoints="0" sequenceCoverage="0.0" branchCoverage="0.0" maxCyclomaticComplexity="0" minCyclomaticComplexity="0" maxCrapScore="0" minCrapScore="0" visitedClasses="0" numClasses="8" visitedMethods="0" numMethods="24" />
      <ModuleTime>0001-01-01T00:00:00</ModuleTime>
      <ModuleName>FlappyBird</ModuleName>
      <Files>
        <File uid="1" fullPath="D:/App/Unity Project/FlappyBird-main/Assets/Scripts/CombatSystem.cs" />
        <File uid="2" fullPath="D:/App/Unity Project/FlappyBird-main/Assets/Scripts/FlappyBirdScript.cs" />
        <File uid="3" fullPath="D:/App/Unity Project/FlappyBird-main/Assets/Scripts/LogicScript.cs" />
        <File uid="4" fullPath="D:/App/Unity Project/FlappyBird-main/Assets/Scripts/MenuButtonScript.cs" />
        <File uid="5" fullPath="D:/App/Unity Project/FlappyBird-main/Assets/Scripts/MiddleScript.cs" />
        <File uid="6" fullPath="D:/App/Unity Project/FlappyBird-main/Assets/Scripts/MoveSpeedScript.cs" />
        <File uid="7" fullPath="D:/App/Unity Project/FlappyBird-main/Assets/Scripts/PipeScript.cs" />
        <File uid="8" fullPath="D:/App/Unity Project/FlappyBird-main/Assets/Scripts/ScoreSystem.cs" />
      </Files>
      <Classes>
        <Class>
          <Summary numSequencePoints="3" visitedSequencePoints="0" numBranchPoints="0" visitedBranchPoints="0" sequenceCoverage="0.0" branchCoverage="0.0" maxCyclomaticComplexity="0" minCyclomaticComplexity="0" maxCrapScore="0" minCrapScore="0" visitedClasses="0" numClasses="1" visitedMethods="0" numMethods="1" />
          <FullName>CombatSystem</FullName>
          <Methods>
            <Method visited="false" cyclomaticComplexity="0" nPathComplexity="0" sequenceCoverage="0.0" branchCoverage="0" crapScore="0" isConstructor="false" isStatic="false" isGetter="false" isSetter="false">
              <Summary numSequencePoints="3" visitedSequencePoints="0" numBranchPoints="0" visitedBranchPoints="0" sequenceCoverage="0.0" branchCoverage="0" maxCyclomaticComplexity="0" minCyclomaticComplexity="0" maxCrapScore="0" minCrapScore="0" visitedClasses="0" numClasses="0" visitedMethods="0" numMethods="1" />
              <MetadataToken>100663297</MetadataToken>
              <Name>System.Int32 CombatSystem::CalculateDamage(System.Int32, System.Single)</Name>
              <FileRef uid="1" />
              <SequencePoints>
                <SequencePoint vc="0" uspid="2269" ordinal="0" offset="0" sl="6" sc="0" el="6" ec="0" bec="0" bev="0" fileid="1" />
                <SequencePoint vc="0" uspid="2270" ordinal="0" offset="1" sl="7" sc="0" el="7" ec="0" bec="0" bev="0" fileid="1" />
                <SequencePoint vc="0" uspid="2271" ordinal="0" offset="13" sl="8" sc="0" el="8" ec="0" bec="0" bev="0" fileid="1" />
              </SequencePoints>
              <BranchPoints />
            </Method>
          </Methods>
        </Class>
        <Class>
          <Summary numSequencePoints="23" visitedSequencePoints="0" numBranchPoints="0" visitedBranchPoints="0" sequenceCoverage="0.0" branchCoverage="0.0" maxCyclomaticComplexity="0" minCyclomaticComplexity="0" maxCrapScore="0" minCrapScore="0" visitedClasses="0" numClasses="1" visitedMethods="0" numMethods="4" />
          <FullName>FlappyBirdScript</FullName>
          <Methods>
            <Method visited="false" cyclomaticComplexity="0" nPathComplexity="0" sequenceCoverage="0.0" branchCoverage="0" crapScore="0" isConstructor="false" isStatic="false" isGetter="false" isSetter="false">
              <Summary numSequencePoints="4" visitedSequencePoints="0" numBranchPoints="0" visitedBranchPoints="0" sequenceCoverage="0.0" branchCoverage="0" maxCyclomaticComplexity="0" minCyclomaticComplexity="0" maxCrapScore="0" minCrapScore="0" visitedClasses="0" numClasses="0" visitedMethods="0" numMethods="1" />
              <MetadataToken>100663299</MetadataToken>
              <Name>System.Void FlappyBirdScript::Start()</Name>
              <FileRef uid="2" />
              <SequencePoints>
                <SequencePoint vc="0" uspid="2272" ordinal="0" offset="0" sl="14" sc="0" el="14" ec="0" bec="0" bev="0" fileid="2" />
                <SequencePoint vc="0" uspid="2273" ordinal="0" offset="1" sl="15" sc="0" el="15" ec="0" bec="0" bev="0" fileid="2" />
                <SequencePoint vc="0" uspid="2274" ordinal="0" offset="13" sl="16" sc="0" el="16" ec="0" bec="0" bev="0" fileid="2" />
                <SequencePoint vc="0" uspid="2275" ordinal="0" offset="34" sl="17" sc="0" el="17" ec="0" bec="0" bev="0" fileid="2" />
              </SequencePoints>
              <BranchPoints />
            </Method>
            <Method visited="false" cyclomaticComplexity="0" nPathComplexity="0" sequenceCoverage="0.0" branchCoverage="0" crapScore="0" isConstructor="false" isStatic="false" isGetter="false" isSetter="false">
              <Summary numSequencePoints="13" visitedSequencePoints="0" numBranchPoints="0" visitedBranchPoints="0" sequenceCoverage="0.0" branchCoverage="0" maxCyclomaticComplexity="0" minCyclomaticComplexity="0" maxCrapScore="0" minCrapScore="0" visitedClasses="0" numClasses="0" visitedMethods="0" numMethods="1" />
              <MetadataToken>100663300</MetadataToken>
              <Name>System.Void FlappyBirdScript::Update()</Name>
              <FileRef uid="2" />
              <SequencePoints>
                <SequencePoint vc="0" uspid="2276" ordinal="0" offset="0" sl="22" sc="0" el="22" ec="0" bec="0" bev="0" fileid="2" />
                <SequencePoint vc="0" uspid="2277" ordinal="0" offset="1" sl="23" sc="0" el="23" ec="0" bec="0" bev="0" fileid="2" />
                <SequencePoint vc="0" uspid="2278" ordinal="0" offset="23" sl="24" sc="0" el="24" ec="0" bec="0" bev="0" fileid="2" />
                <SequencePoint vc="0" uspid="2279" ordinal="0" offset="24" sl="25" sc="0" el="25" ec="0" bec="0" bev="0" fileid="2" />
                <SequencePoint vc="0" uspid="2280" ordinal="0" offset="51" sl="26" sc="0" el="26" ec="0" bec="0" bev="0" fileid="2" />
                <SequencePoint vc="0" uspid="2281" ordinal="0" offset="63" sl="27" sc="0" el="27" ec="0" bec="0" bev="0" fileid="2" />
                <SequencePoint vc="0" uspid="2282" ordinal="0" offset="64" sl="28" sc="0" el="28" ec="0" bec="0" bev="0" fileid="2" />
                <SequencePoint vc="0" uspid="2283" ordinal="0" offset="117" sl="29" sc="0" el="29" ec="0" bec="0" bev="0" fileid="2" />
                <SequencePoint vc="0" uspid="2284" ordinal="0" offset="118" sl="30" sc="0" el="30" ec="0" bec="0" bev="0" fileid="2" />
                <SequencePoint vc="0" uspid="2285" ordinal="0" offset="135" sl="31" sc="0" el="31" ec="0" bec="0" bev="0" fileid="2" />
                <SequencePoint vc="0" uspid="2286" ordinal="0" offset="147" sl="32" sc="0" el="32" ec="0" bec="0" bev="0" fileid="2" />
                <SequencePoint vc="0" uspid="2287" ordinal="0" offset="154" sl="33" sc="0" el="33" ec="0" bec="0" bev="0" fileid="2" />
                <SequencePoint vc="0" uspid="2288" ordinal="0" offset="155" sl="34" sc="0" el="34" ec="0" bec="0" bev="0" fileid="2" />
              </SequencePoints>
              <BranchPoints />
            </Method>
            <Method visited="false" cyclomaticComplexity="0" nPathComplexity="0" sequenceCoverage="0.0" branchCoverage="0" crapScore="0" isConstructor="false" isStatic="false" isGetter="false" isSetter="false">
              <Summary numSequencePoints="5" visitedSequencePoints="0" numBranchPoints="0" visitedBranchPoints="0" sequenceCoverage="0.0" branchCoverage="0" maxCyclomaticComplexity="0" minCyclomaticComplexity="0" maxCrapScore="0" minCrapScore="0" visitedClasses="0" numClasses="0" visitedMethods="0" numMethods="1" />
              <MetadataToken>100663301</MetadataToken>
              <Name>System.Void FlappyBirdScript::OnCollisionEnter2D(UnityEngine.Collision2D)</Name>
              <FileRef uid="2" />
              <SequencePoints>
                <SequencePoint vc="0" uspid="2289" ordinal="0" offset="0" sl="55" sc="0" el="55" ec="0" bec="0" bev="0" fileid="2" />
                <SequencePoint vc="0" uspid="2290" ordinal="0" offset="1" sl="56" sc="0" el="56" ec="0" bec="0" bev="0" fileid="2" />
                <SequencePoint vc="0" uspid="2291" ordinal="0" offset="18" sl="57" sc="0" el="57" ec="0" bec="0" bev="0" fileid="2" />
                <SequencePoint vc="0" uspid="2292" ordinal="0" offset="30" sl="58" sc="0" el="58" ec="0" bec="0" bev="0" fileid="2" />
                <SequencePoint vc="0" uspid="2293" ordinal="0" offset="37" sl="59" sc="0" el="59" ec="0" bec="0" bev="0" fileid="2" />
              </SequencePoints>
              <BranchPoints />
            </Method>
            <Method visited="false" cyclomaticComplexity="0" nPathComplexity="0" sequenceCoverage="0.0" branchCoverage="0" crapScore="0" isConstructor="true" isStatic="false" isGetter="false" isSetter="false">
              <Summary numSequencePoints="1" visitedSequencePoints="0" numBranchPoints="0" visitedBranchPoints="0" sequenceCoverage="0.0" branchCoverage="0" maxCyclomaticComplexity="0" minCyclomaticComplexity="0" maxCrapScore="0" minCrapScore="0" visitedClasses="0" numClasses="0" visitedMethods="0" numMethods="1" />
              <MetadataToken>100663302</MetadataToken>
              <Name>FlappyBirdScript::FlappyBirdScript()</Name>
              <FileRef uid="2" />
              <SequencePoints>
                <SequencePoint vc="0" uspid="2294" ordinal="0" offset="0" sl="10" sc="5" el="10" ec="5" bec="0" bev="0" fileid="2" />
              </SequencePoints>
              <BranchPoints />
            </Method>
          </Methods>
        </Class>
        <Class>
          <Summary numSequencePoints="17" visitedSequencePoints="0" numBranchPoints="0" visitedBranchPoints="0" sequenceCoverage="0.0" branchCoverage="0.0" maxCyclomaticComplexity="0" minCyclomaticComplexity="0" maxCrapScore="0" minCrapScore="0" visitedClasses="0" numClasses="1" visitedMethods="0" numMethods="5" />
          <FullName>LogicScript</FullName>
          <Methods>
            <Method visited="false" cyclomaticComplexity="0" nPathComplexity="0" sequenceCoverage="0.0" branchCoverage="0" crapScore="0" isConstructor="false" isStatic="false" isGetter="false" isSetter="false">
              <Summary numSequencePoints="3" visitedSequencePoints="0" numBranchPoints="0" visitedBranchPoints="0" sequenceCoverage="0.0" branchCoverage="0" maxCyclomaticComplexity="0" minCyclomaticComplexity="0" maxCrapScore="0" minCrapScore="0" visitedClasses="0" numClasses="0" visitedMethods="0" numMethods="1" />
              <MetadataToken>100663303</MetadataToken>
              <Name>System.Void LogicScript::Start()</Name>
              <FileRef uid="3" />
              <SequencePoints>
                <SequencePoint vc="0" uspid="2295" ordinal="0" offset="0" sl="15" sc="0" el="15" ec="0" bec="0" bev="0" fileid="3" />
                <SequencePoint vc="0" uspid="2296" ordinal="0" offset="1" sl="16" sc="0" el="16" ec="0" bec="0" bev="0" fileid="3" />
                <SequencePoint vc="0" uspid="2297" ordinal="0" offset="13" sl="17" sc="0" el="17" ec="0" bec="0" bev="0" fileid="3" />
              </SequencePoints>
              <BranchPoints />
            </Method>
            <Method visited="false" cyclomaticComplexity="0" nPathComplexity="0" sequenceCoverage="0.0" branchCoverage="0" crapScore="0" isConstructor="false" isStatic="false" isGetter="false" isSetter="false">
              <Summary numSequencePoints="4" visitedSequencePoints="0" numBranchPoints="0" visitedBranchPoints="0" sequenceCoverage="0.0" branchCoverage="0" maxCyclomaticComplexity="0" minCyclomaticComplexity="0" maxCrapScore="0" minCrapScore="0" visitedClasses="0" numClasses="0" visitedMethods="0" numMethods="1" />
              <MetadataToken>100663304</MetadataToken>
              <Name>System.Void LogicScript::addscore()</Name>
              <FileRef uid="3" />
              <SequencePoints>
                <SequencePoint vc="0" uspid="2298" ordinal="0" offset="0" sl="19" sc="0" el="19" ec="0" bec="0" bev="0" fileid="3" />
                <SequencePoint vc="0" uspid="2299" ordinal="0" offset="1" sl="20" sc="0" el="20" ec="0" bec="0" bev="0" fileid="3" />
                <SequencePoint vc="0" uspid="2300" ordinal="0" offset="15" sl="21" sc="0" el="21" ec="0" bec="0" bev="0" fileid="3" />
                <SequencePoint vc="0" uspid="2301" ordinal="0" offset="38" sl="22" sc="0" el="22" ec="0" bec="0" bev="0" fileid="3" />
              </SequencePoints>
              <BranchPoints />
            </Method>
            <Method visited="false" cyclomaticComplexity="0" nPathComplexity="0" sequenceCoverage="0.0" branchCoverage="0" crapScore="0" isConstructor="false" isStatic="false" isGetter="false" isSetter="false">
              <Summary numSequencePoints="3" visitedSequencePoints="0" numBranchPoints="0" visitedBranchPoints="0" sequenceCoverage="0.0" branchCoverage="0" maxCyclomaticComplexity="0" minCyclomaticComplexity="0" maxCrapScore="0" minCrapScore="0" visitedClasses="0" numClasses="0" visitedMethods="0" numMethods="1" />
              <MetadataToken>100663305</MetadataToken>
              <Name>System.Void LogicScript::restart()</Name>
              <FileRef uid="3" />
              <SequencePoints>
                <SequencePoint vc="0" uspid="2302" ordinal="0" offset="0" sl="24" sc="0" el="24" ec="0" bec="0" bev="0" fileid="3" />
                <SequencePoint vc="0" uspid="2303" ordinal="0" offset="1" sl="25" sc="0" el="25" ec="0" bec="0" bev="0" fileid="3" />
                <SequencePoint vc="0" uspid="2304" ordinal="0" offset="20" sl="26" sc="0" el="26" ec="0" bec="0" bev="0" fileid="3" />
              </SequencePoints>
              <BranchPoints />
            </Method>
            <Method visited="false" cyclomaticComplexity="0" nPathComplexity="0" sequenceCoverage="0.0" branchCoverage="0" crapScore="0" isConstructor="false" isStatic="false" isGetter="false" isSetter="false">
              <Summary numSequencePoints="4" visitedSequencePoints="0" numBranchPoints="0" visitedBranchPoints="0" sequenceCoverage="0.0" branchCoverage="0" maxCyclomaticComplexity="0" minCyclomaticComplexity="0" maxCrapScore="0" minCrapScore="0" visitedClasses="0" numClasses="0" visitedMethods="0" numMethods="1" />
              <MetadataToken>100663306</MetadataToken>
              <Name>System.Void LogicScript::gameover()</Name>
              <FileRef uid="3" />
              <SequencePoints>
                <SequencePoint vc="0" uspid="2305" ordinal="0" offset="0" sl="28" sc="0" el="28" ec="0" bec="0" bev="0" fileid="3" />
                <SequencePoint vc="0" uspid="2306" ordinal="0" offset="1" sl="29" sc="0" el="29" ec="0" bec="0" bev="0" fileid="3" />
                <SequencePoint vc="0" uspid="2307" ordinal="0" offset="13" sl="30" sc="0" el="30" ec="0" bec="0" bev="0" fileid="3" />
                <SequencePoint vc="0" uspid="2308" ordinal="0" offset="26" sl="31" sc="0" el="31" ec="0" bec="0" bev="0" fileid="3" />
              </SequencePoints>
              <BranchPoints />
            </Method>
            <Method visited="false" cyclomaticComplexity="0" nPathComplexity="0" sequenceCoverage="0.0" branchCoverage="0" crapScore="0" isConstructor="false" isStatic="false" isGetter="false" isSetter="false">
              <Summary numSequencePoints="3" visitedSequencePoints="0" numBranchPoints="0" visitedBranchPoints="0" sequenceCoverage="0.0" branchCoverage="0" maxCyclomaticComplexity="0" minCyclomaticComplexity="0" maxCrapScore="0" minCrapScore="0" visitedClasses="0" numClasses="0" visitedMethods="0" numMethods="1" />
              <MetadataToken>100663307</MetadataToken>
              <Name>System.Void LogicScript::returnmenu()</Name>
              <FileRef uid="3" />
              <SequencePoints>
                <SequencePoint vc="0" uspid="2309" ordinal="0" offset="0" sl="33" sc="0" el="33" ec="0" bec="0" bev="0" fileid="3" />
                <SequencePoint vc="0" uspid="2310" ordinal="0" offset="1" sl="34" sc="0" el="34" ec="0" bec="0" bev="0" fileid="3" />
                <SequencePoint vc="0" uspid="2311" ordinal="0" offset="22" sl="35" sc="0" el="35" ec="0" bec="0" bev="0" fileid="3" />
              </SequencePoints>
              <BranchPoints />
            </Method>
          </Methods>
        </Class>
        <Class>
          <Summary numSequencePoints="6" visitedSequencePoints="0" numBranchPoints="0" visitedBranchPoints="0" sequenceCoverage="0.0" branchCoverage="0.0" maxCyclomaticComplexity="0" minCyclomaticComplexity="0" maxCrapScore="0" minCrapScore="0" visitedClasses="0" numClasses="1" visitedMethods="0" numMethods="2" />
          <FullName>MenuButtonScript</FullName>
          <Methods>
            <Method visited="false" cyclomaticComplexity="0" nPathComplexity="0" sequenceCoverage="0.0" branchCoverage="0" crapScore="0" isConstructor="false" isStatic="false" isGetter="false" isSetter="false">
              <Summary numSequencePoints="3" visitedSequencePoints="0" numBranchPoints="0" visitedBranchPoints="0" sequenceCoverage="0.0" branchCoverage="0" maxCyclomaticComplexity="0" minCyclomaticComplexity="0" maxCrapScore="0" minCrapScore="0" visitedClasses="0" numClasses="0" visitedMethods="0" numMethods="1" />
              <MetadataToken>100663309</MetadataToken>
              <Name>System.Void MenuButtonScript::start()</Name>
              <FileRef uid="4" />
              <SequencePoints>
                <SequencePoint vc="0" uspid="2312" ordinal="0" offset="0" sl="10" sc="0" el="10" ec="0" bec="0" bev="0" fileid="4" />
                <SequencePoint vc="0" uspid="2313" ordinal="0" offset="1" sl="11" sc="0" el="11" ec="0" bec="0" bev="0" fileid="4" />
                <SequencePoint vc="0" uspid="2314" ordinal="0" offset="22" sl="13" sc="0" el="13" ec="0" bec="0" bev="0" fileid="4" />
              </SequencePoints>
              <BranchPoints />
            </Method>
            <Method visited="false" cyclomaticComplexity="0" nPathComplexity="0" sequenceCoverage="0.0" branchCoverage="0" crapScore="0" isConstructor="false" isStatic="false" isGetter="false" isSetter="false">
              <Summary numSequencePoints="3" visitedSequencePoints="0" numBranchPoints="0" visitedBranchPoints="0" sequenceCoverage="0.0" branchCoverage="0" maxCyclomaticComplexity="0" minCyclomaticComplexity="0" maxCrapScore="0" minCrapScore="0" visitedClasses="0" numClasses="0" visitedMethods="0" numMethods="1" />
              <MetadataToken>100663310</MetadataToken>
              <Name>System.Void MenuButtonScript::OnApplicationQuit()</Name>
              <FileRef uid="4" />
              <SequencePoints>
                <SequencePoint vc="0" uspid="2315" ordinal="0" offset="0" sl="15" sc="0" el="15" ec="0" bec="0" bev="0" fileid="4" />
                <SequencePoint vc="0" uspid="2316" ordinal="0" offset="1" sl="16" sc="0" el="16" ec="0" bec="0" bev="0" fileid="4" />
                <SequencePoint vc="0" uspid="2317" ordinal="0" offset="7" sl="17" sc="0" el="17" ec="0" bec="0" bev="0" fileid="4" />
              </SequencePoints>
              <BranchPoints />
            </Method>
          </Methods>
        </Class>
        <Class>
          <Summary numSequencePoints="11" visitedSequencePoints="0" numBranchPoints="0" visitedBranchPoints="0" sequenceCoverage="0.0" branchCoverage="0.0" maxCyclomaticComplexity="0" minCyclomaticComplexity="0" maxCrapScore="0" minCrapScore="0" visitedClasses="0" numClasses="1" visitedMethods="0" numMethods="3" />
          <FullName>MiddleScript</FullName>
          <Methods>
            <Method visited="false" cyclomaticComplexity="0" nPathComplexity="0" sequenceCoverage="0.0" branchCoverage="0" crapScore="0" isConstructor="false" isStatic="false" isGetter="false" isSetter="false">
              <Summary numSequencePoints="3" visitedSequencePoints="0" numBranchPoints="0" visitedBranchPoints="0" sequenceCoverage="0.0" branchCoverage="0" maxCyclomaticComplexity="0" minCyclomaticComplexity="0" maxCrapScore="0" minCrapScore="0" visitedClasses="0" numClasses="0" visitedMethods="0" numMethods="1" />
              <MetadataToken>100663312</MetadataToken>
              <Name>System.Void MiddleScript::Start()</Name>
              <FileRef uid="5" />
              <SequencePoints>
                <SequencePoint vc="0" uspid="2318" ordinal="0" offset="0" sl="10" sc="0" el="10" ec="0" bec="0" bev="0" fileid="5" />
                <SequencePoint vc="0" uspid="2319" ordinal="0" offset="1" sl="11" sc="0" el="11" ec="0" bec="0" bev="0" fileid="5" />
                <SequencePoint vc="0" uspid="2320" ordinal="0" offset="22" sl="12" sc="0" el="12" ec="0" bec="0" bev="0" fileid="5" />
              </SequencePoints>
              <BranchPoints />
            </Method>
            <Method visited="false" cyclomaticComplexity="0" nPathComplexity="0" sequenceCoverage="0.0" branchCoverage="0" crapScore="0" isConstructor="false" isStatic="false" isGetter="false" isSetter="false">
              <Summary numSequencePoints="2" visitedSequencePoints="0" numBranchPoints="0" visitedBranchPoints="0" sequenceCoverage="0.0" branchCoverage="0" maxCyclomaticComplexity="0" minCyclomaticComplexity="0" maxCrapScore="0" minCrapScore="0" visitedClasses="0" numClasses="0" visitedMethods="0" numMethods="1" />
              <MetadataToken>100663313</MetadataToken>
              <Name>System.Void MiddleScript::Update()</Name>
              <FileRef uid="5" />
              <SequencePoints>
                <SequencePoint vc="0" uspid="2321" ordinal="0" offset="0" sl="16" sc="0" el="16" ec="0" bec="0" bev="0" fileid="5" />
                <SequencePoint vc="0" uspid="2322" ordinal="0" offset="1" sl="18" sc="0" el="18" ec="0" bec="0" bev="0" fileid="5" />
              </SequencePoints>
              <BranchPoints />
            </Method>
            <Method visited="false" cyclomaticComplexity="0" nPathComplexity="0" sequenceCoverage="0.0" branchCoverage="0" crapScore="0" isConstructor="false" isStatic="false" isGetter="false" isSetter="false">
              <Summary numSequencePoints="6" visitedSequencePoints="0" numBranchPoints="0" visitedBranchPoints="0" sequenceCoverage="0.0" branchCoverage="0" maxCyclomaticComplexity="0" minCyclomaticComplexity="0" maxCrapScore="0" minCrapScore="0" visitedClasses="0" numClasses="0" visitedMethods="0" numMethods="1" />
              <MetadataToken>100663314</MetadataToken>
              <Name>System.Void MiddleScript::OnTriggerEnter2D(UnityEngine.Collider2D)</Name>
              <FileRef uid="5" />
              <SequencePoints>
                <SequencePoint vc="0" uspid="2323" ordinal="0" offset="0" sl="20" sc="0" el="20" ec="0" bec="0" bev="0" fileid="5" />
                <SequencePoint vc="0" uspid="2324" ordinal="0" offset="1" sl="21" sc="0" el="21" ec="0" bec="0" bev="0" fileid="5" />
                <SequencePoint vc="0" uspid="2325" ordinal="0" offset="19" sl="22" sc="0" el="22" ec="0" bec="0" bev="0" fileid="5" />
                <SequencePoint vc="0" uspid="2326" ordinal="0" offset="20" sl="23" sc="0" el="23" ec="0" bec="0" bev="0" fileid="5" />
                <SequencePoint vc="0" uspid="2327" ordinal="0" offset="32" sl="24" sc="0" el="24" ec="0" bec="0" bev="0" fileid="5" />
                <SequencePoint vc="0" uspid="2328" ordinal="0" offset="33" sl="25" sc="0" el="25" ec="0" bec="0" bev="0" fileid="5" />
              </SequencePoints>
              <BranchPoints />
            </Method>
          </Methods>
        </Class>
        <Class>
          <Summary numSequencePoints="27" visitedSequencePoints="0" numBranchPoints="0" visitedBranchPoints="0" sequenceCoverage="0.0" branchCoverage="0.0" maxCyclomaticComplexity="0" minCyclomaticComplexity="0" maxCrapScore="0" minCrapScore="0" visitedClasses="0" numClasses="1" visitedMethods="0" numMethods="3" />
          <FullName>MoveSpeedScript</FullName>
          <Methods>
            <Method visited="false" cyclomaticComplexity="0" nPathComplexity="0" sequenceCoverage="0.0" branchCoverage="0" crapScore="0" isConstructor="false" isStatic="false" isGetter="false" isSetter="false">
              <Summary numSequencePoints="7" visitedSequencePoints="0" numBranchPoints="0" visitedBranchPoints="0" sequenceCoverage="0.0" branchCoverage="0" maxCyclomaticComplexity="0" minCyclomaticComplexity="0" maxCrapScore="0" minCrapScore="0" visitedClasses="0" numClasses="0" visitedMethods="0" numMethods="1" />
              <MetadataToken>100663316</MetadataToken>
              <Name>System.Void MoveSpeedScript::Start()</Name>
              <FileRef uid="6" />
              <SequencePoints>
                <SequencePoint vc="0" uspid="2329" ordinal="0" offset="0" sl="42" sc="0" el="42" ec="0" bec="0" bev="0" fileid="6" />
                <SequencePoint vc="0" uspid="2330" ordinal="0" offset="1" sl="43" sc="0" el="43" ec="0" bec="0" bev="0" fileid="6" />
                <SequencePoint vc="0" uspid="2331" ordinal="0" offset="12" sl="44" sc="0" el="44" ec="0" bec="0" bev="0" fileid="6" />
                <SequencePoint vc="0" uspid="2332" ordinal="0" offset="23" sl="45" sc="0" el="45" ec="0" bec="0" bev="0" fileid="6" />
                <SequencePoint vc="0" uspid="2333" ordinal="0" offset="24" sl="46" sc="0" el="46" ec="0" bec="0" bev="0" fileid="6" />
                <SequencePoint vc="0" uspid="2334" ordinal="0" offset="36" sl="47" sc="0" el="47" ec="0" bec="0" bev="0" fileid="6" />
                <SequencePoint vc="0" uspid="2335" ordinal="0" offset="37" sl="48" sc="0" el="48" ec="0" bec="0" bev="0" fileid="6" />
              </SequencePoints>
              <BranchPoints />
            </Method>
            <Method visited="false" cyclomaticComplexity="0" nPathComplexity="0" sequenceCoverage="0.0" branchCoverage="0" crapScore="0" isConstructor="false" isStatic="false" isGetter="false" isSetter="false">
              <Summary numSequencePoints="17" visitedSequencePoints="0" numBranchPoints="0" visitedBranchPoints="0" sequenceCoverage="0.0" branchCoverage="0" maxCyclomaticComplexity="0" minCyclomaticComplexity="0" maxCrapScore="0" minCrapScore="0" visitedClasses="0" numClasses="0" visitedMethods="0" numMethods="1" />
              <MetadataToken>100663317</MetadataToken>
              <Name>System.Void MoveSpeedScript::Update()</Name>
              <FileRef uid="6" />
              <SequencePoints>
                <SequencePoint vc="0" uspid="2336" ordinal="0" offset="0" sl="51" sc="0" el="51" ec="0" bec="0" bev="0" fileid="6" />
                <SequencePoint vc="0" uspid="2337" ordinal="0" offset="1" sl="53" sc="0" el="53" ec="0" bec="0" bev="0" fileid="6" />
                <SequencePoint vc="0" uspid="2338" ordinal="0" offset="50" sl="56" sc="0" el="56" ec="0" bec="0" bev="0" fileid="6" />
                <SequencePoint vc="0" uspid="2339" ordinal="0" offset="93" sl="57" sc="0" el="57" ec="0" bec="0" bev="0" fileid="6" />
                <SequencePoint vc="0" uspid="2340" ordinal="0" offset="94" sl="59" sc="0" el="59" ec="0" bec="0" bev="0" fileid="6" />
                <SequencePoint vc="0" uspid="2341" ordinal="0" offset="138" sl="60" sc="0" el="60" ec="0" bec="0" bev="0" fileid="6" />
                <SequencePoint vc="0" uspid="2342" ordinal="0" offset="139" sl="62" sc="0" el="62" ec="0" bec="0" bev="0" fileid="6" />
                <SequencePoint vc="0" uspid="2343" ordinal="0" offset="157" sl="63" sc="0" el="63" ec="0" bec="0" bev="0" fileid="6" />
                <SequencePoint vc="0" uspid="2344" ordinal="0" offset="184" sl="64" sc="0" el="64" ec="0" bec="0" bev="0" fileid="6" />
                <SequencePoint vc="0" uspid="2345" ordinal="0" offset="185" sl="67" sc="0" el="67" ec="0" bec="0" bev="0" fileid="6" />
                <SequencePoint vc="0" uspid="2346" ordinal="0" offset="202" sl="68" sc="0" el="68" ec="0" bec="0" bev="0" fileid="6" />
                <SequencePoint vc="0" uspid="2347" ordinal="0" offset="203" sl="71" sc="0" el="71" ec="0" bec="0" bev="0" fileid="6" />
                <SequencePoint vc="0" uspid="2348" ordinal="0" offset="231" sl="72" sc="0" el="72" ec="0" bec="0" bev="0" fileid="6" />
                <SequencePoint vc="0" uspid="2349" ordinal="0" offset="232" sl="73" sc="0" el="73" ec="0" bec="0" bev="0" fileid="6" />
                <SequencePoint vc="0" uspid="2350" ordinal="0" offset="243" sl="74" sc="0" el="74" ec="0" bec="0" bev="0" fileid="6" />
                <SequencePoint vc="0" uspid="2351" ordinal="0" offset="255" sl="75" sc="0" el="75" ec="0" bec="0" bev="0" fileid="6" />
                <SequencePoint vc="0" uspid="2352" ordinal="0" offset="256" sl="76" sc="0" el="76" ec="0" bec="0" bev="0" fileid="6" />
              </SequencePoints>
              <BranchPoints />
            </Method>
            <Method visited="false" cyclomaticComplexity="0" nPathComplexity="0" sequenceCoverage="0.0" branchCoverage="0" crapScore="0" isConstructor="true" isStatic="false" isGetter="false" isSetter="false">
              <Summary numSequencePoints="3" visitedSequencePoints="0" numBranchPoints="0" visitedBranchPoints="0" sequenceCoverage="0.0" branchCoverage="0" maxCyclomaticComplexity="0" minCyclomaticComplexity="0" maxCrapScore="0" minCrapScore="0" visitedClasses="0" numClasses="0" visitedMethods="0" numMethods="1" />
              <MetadataToken>100663318</MetadataToken>
              <Name>MoveSpeedScript::MoveSpeedScript()</Name>
              <FileRef uid="6" />
              <SequencePoints>
                <SequencePoint vc="0" uspid="2353" ordinal="0" offset="0" sl="36" sc="5" el="36" ec="5" bec="0" bev="0" fileid="6" />
                <SequencePoint vc="0" uspid="2354" ordinal="0" offset="11" sl="37" sc="5" el="37" ec="5" bec="0" bev="0" fileid="6" />
                <SequencePoint vc="0" uspid="2355" ordinal="0" offset="22" sl="39" sc="5" el="39" ec="5" bec="0" bev="0" fileid="6" />
              </SequencePoints>
              <BranchPoints />
            </Method>
          </Methods>
        </Class>
        <Class>
          <Summary numSequencePoints="25" visitedSequencePoints="0" numBranchPoints="0" visitedBranchPoints="0" sequenceCoverage="0.0" branchCoverage="0.0" maxCyclomaticComplexity="0" minCyclomaticComplexity="0" maxCrapScore="0" minCrapScore="0" visitedClasses="0" numClasses="1" visitedMethods="0" numMethods="5" />
          <FullName>PipeScript</FullName>
          <Methods>
            <Method visited="false" cyclomaticComplexity="0" nPathComplexity="0" sequenceCoverage="0.0" branchCoverage="0" crapScore="0" isConstructor="false" isStatic="false" isGetter="false" isSetter="false">
              <Summary numSequencePoints="4" visitedSequencePoints="0" numBranchPoints="0" visitedBranchPoints="0" sequenceCoverage="0.0" branchCoverage="0" maxCyclomaticComplexity="0" minCyclomaticComplexity="0" maxCrapScore="0" minCrapScore="0" visitedClasses="0" numClasses="0" visitedMethods="0" numMethods="1" />
              <MetadataToken>100663319</MetadataToken>
              <Name>System.Void PipeScript::Start()</Name>
              <FileRef uid="7" />
              <SequencePoints>
                <SequencePoint vc="0" uspid="2356" ordinal="0" offset="0" sl="14" sc="0" el="14" ec="0" bec="0" bev="0" fileid="7" />
                <SequencePoint vc="0" uspid="2357" ordinal="0" offset="1" sl="15" sc="0" el="15" ec="0" bec="0" bev="0" fileid="7" />
                <SequencePoint vc="0" uspid="2358" ordinal="0" offset="8" sl="16" sc="0" el="16" ec="0" bec="0" bev="0" fileid="7" />
                <SequencePoint vc="0" uspid="2359" ordinal="0" offset="29" sl="17" sc="0" el="17" ec="0" bec="0" bev="0" fileid="7" />
              </SequencePoints>
              <BranchPoints />
            </Method>
            <Method visited="false" cyclomaticComplexity="0" nPathComplexity="0" sequenceCoverage="0.0" branchCoverage="0" crapScore="0" isConstructor="false" isStatic="false" isGetter="false" isSetter="false">
              <Summary numSequencePoints="10" visitedSequencePoints="0" numBranchPoints="0" visitedBranchPoints="0" sequenceCoverage="0.0" branchCoverage="0" maxCyclomaticComplexity="0" minCyclomaticComplexity="0" maxCrapScore="0" minCrapScore="0" visitedClasses="0" numClasses="0" visitedMethods="0" numMethods="1" />
              <MetadataToken>100663320</MetadataToken>
              <Name>System.Void PipeScript::Update()</Name>
              <FileRef uid="7" />
              <SequencePoints>
                <SequencePoint vc="0" uspid="2360" ordinal="0" offset="0" sl="20" sc="0" el="20" ec="0" bec="0" bev="0" fileid="7" />
                <SequencePoint vc="0" uspid="2361" ordinal="0" offset="1" sl="21" sc="0" el="21" ec="0" bec="0" bev="0" fileid="7" />
                <SequencePoint vc="0" uspid="2362" ordinal="0" offset="19" sl="22" sc="0" el="22" ec="0" bec="0" bev="0" fileid="7" />
                <SequencePoint vc="0" uspid="2363" ordinal="0" offset="20" sl="23" sc="0" el="23" ec="0" bec="0" bev="0" fileid="7" />
                <SequencePoint vc="0" uspid="2364" ordinal="0" offset="38" sl="24" sc="0" el="24" ec="0" bec="0" bev="0" fileid="7" />
                <SequencePoint vc="0" uspid="2365" ordinal="0" offset="41" sl="26" sc="0" el="26" ec="0" bec="0" bev="0" fileid="7" />
                <SequencePoint vc="0" uspid="2366" ordinal="0" offset="42" sl="27" sc="0" el="27" ec="0" bec="0" bev="0" fileid="7" />
                <SequencePoint vc="0" uspid="2367" ordinal="0" offset="49" sl="28" sc="0" el="28" ec="0" bec="0" bev="0" fileid="7" />
                <SequencePoint vc="0" uspid="2368" ordinal="0" offset="60" sl="29" sc="0" el="29" ec="0" bec="0" bev="0" fileid="7" />
                <SequencePoint vc="0" uspid="2369" ordinal="0" offset="61" sl="31" sc="0" el="31" ec="0" bec="0" bev="0" fileid="7" />
              </SequencePoints>
              <BranchPoints />
            </Method>
            <Method visited="false" cyclomaticComplexity="0" nPathComplexity="0" sequenceCoverage="0.0" branchCoverage="0" crapScore="0" isConstructor="false" isStatic="false" isGetter="false" isSetter="false">
              <Summary numSequencePoints="5" visitedSequencePoints="0" numBranchPoints="0" visitedBranchPoints="0" sequenceCoverage="0.0" branchCoverage="0" maxCyclomaticComplexity="0" minCyclomaticComplexity="0" maxCrapScore="0" minCrapScore="0" visitedClasses="0" numClasses="0" visitedMethods="0" numMethods="1" />
              <MetadataToken>100663321</MetadataToken>
              <Name>System.Void PipeScript::spawnpipe()</Name>
              <FileRef uid="7" />
              <SequencePoints>
                <SequencePoint vc="0" uspid="2370" ordinal="0" offset="0" sl="33" sc="0" el="33" ec="0" bec="0" bev="0" fileid="7" />
                <SequencePoint vc="0" uspid="2371" ordinal="0" offset="1" sl="34" sc="0" el="34" ec="0" bec="0" bev="0" fileid="7" />
                <SequencePoint vc="0" uspid="2372" ordinal="0" offset="25" sl="35" sc="0" el="35" ec="0" bec="0" bev="0" fileid="7" />
                <SequencePoint vc="0" uspid="2373" ordinal="0" offset="49" sl="36" sc="0" el="36" ec="0" bec="0" bev="0" fileid="7" />
                <SequencePoint vc="0" uspid="2374" ordinal="0" offset="105" sl="37" sc="0" el="37" ec="0" bec="0" bev="0" fileid="7" />
              </SequencePoints>
              <BranchPoints />
            </Method>
            <Method visited="false" cyclomaticComplexity="0" nPathComplexity="0" sequenceCoverage="0.0" branchCoverage="0" crapScore="0" isConstructor="false" isStatic="false" isGetter="false" isSetter="false">
              <Summary numSequencePoints="3" visitedSequencePoints="0" numBranchPoints="0" visitedBranchPoints="0" sequenceCoverage="0.0" branchCoverage="0" maxCyclomaticComplexity="0" minCyclomaticComplexity="0" maxCrapScore="0" minCrapScore="0" visitedClasses="0" numClasses="0" visitedMethods="0" numMethods="1" />
              <MetadataToken>100663322</MetadataToken>
              <Name>System.Void PipeScript::OnCollisionEnter2D(UnityEngine.Collision2D)</Name>
              <FileRef uid="7" />
              <SequencePoints>
                <SequencePoint vc="0" uspid="2375" ordinal="0" offset="0" sl="39" sc="0" el="39" ec="0" bec="0" bev="0" fileid="7" />
                <SequencePoint vc="0" uspid="2376" ordinal="0" offset="1" sl="40" sc="0" el="40" ec="0" bec="0" bev="0" fileid="7" />
                <SequencePoint vc="0" uspid="2377" ordinal="0" offset="13" sl="41" sc="0" el="41" ec="0" bec="0" bev="0" fileid="7" />
              </SequencePoints>
              <BranchPoints />
            </Method>
            <Method visited="false" cyclomaticComplexity="0" nPathComplexity="0" sequenceCoverage="0.0" branchCoverage="0" crapScore="0" isConstructor="true" isStatic="false" isGetter="false" isSetter="false">
              <Summary numSequencePoints="3" visitedSequencePoints="0" numBranchPoints="0" visitedBranchPoints="0" sequenceCoverage="0.0" branchCoverage="0" maxCyclomaticComplexity="0" minCyclomaticComplexity="0" maxCrapScore="0" minCrapScore="0" visitedClasses="0" numClasses="0" visitedMethods="0" numMethods="1" />
              <MetadataToken>100663323</MetadataToken>
              <Name>PipeScript::PipeScript()</Name>
              <FileRef uid="7" />
              <SequencePoints>
                <SequencePoint vc="0" uspid="2378" ordinal="0" offset="0" sl="8" sc="5" el="8" ec="5" bec="0" bev="0" fileid="7" />
                <SequencePoint vc="0" uspid="2379" ordinal="0" offset="11" sl="9" sc="5" el="9" ec="5" bec="0" bev="0" fileid="7" />
                <SequencePoint vc="0" uspid="2380" ordinal="0" offset="22" sl="10" sc="5" el="10" ec="5" bec="0" bev="0" fileid="7" />
              </SequencePoints>
              <BranchPoints />
            </Method>
          </Methods>
        </Class>
        <Class>
          <Summary numSequencePoints="3" visitedSequencePoints="0" numBranchPoints="0" visitedBranchPoints="0" sequenceCoverage="0.0" branchCoverage="0.0" maxCyclomaticComplexity="0" minCyclomaticComplexity="0" maxCrapScore="0" minCrapScore="0" visitedClasses="0" numClasses="1" visitedMethods="0" numMethods="1" />
          <FullName>ScoreSystem</FullName>
          <Methods>
            <Method visited="false" cyclomaticComplexity="0" nPathComplexity="0" sequenceCoverage="0.0" branchCoverage="0" crapScore="0" isConstructor="false" isStatic="false" isGetter="false" isSetter="false">
              <Summary numSequencePoints="3" visitedSequencePoints="0" numBranchPoints="0" visitedBranchPoints="0" sequenceCoverage="0.0" branchCoverage="0" maxCyclomaticComplexity="0" minCyclomaticComplexity="0" maxCrapScore="0" minCrapScore="0" visitedClasses="0" numClasses="0" visitedMethods="0" numMethods="1" />
              <MetadataToken>100663324</MetadataToken>
              <Name>System.Int32 ScoreSystem::CalculateScore(System.Int32, System.Int32)</Name>
              <FileRef uid="8" />
              <SequencePoints>
                <SequencePoint vc="0" uspid="2381" ordinal="0" offset="0" sl="6" sc="5" el="6" ec="5" bec="0" bev="0" fileid="8" />
                <SequencePoint vc="0" uspid="2382" ordinal="0" offset="1" sl="7" sc="9" el="7" ec="9" bec="0" bev="0" fileid="8" />
                <SequencePoint vc="0" uspid="2383" ordinal="0" offset="7" sl="8" sc="5" el="8" ec="5" bec="0" bev="0" fileid="8" />
              </SequencePoints>
              <BranchPoints />
            </Method>
          </Methods>
        </Class>
      </Classes>
    </Module>
    <Module>
      <Summary numSequencePoints="1019" visitedSequencePoints="0" numBranchPoints="0" visitedBranchPoints="0" sequenceCoverage="0.0" branchCoverage="0.0" maxCyclomaticComplexity="0" minCyclomaticComplexity="0" maxCrapScore="0" minCrapScore="0" visitedClasses="0" numClasses="51" visitedMethods="0" numMethods="105" />
      <ModuleTime>0001-01-01T00:00:00</ModuleTime>
      <ModuleName>Tests</ModuleName>
      <Files>
        <File uid="9" fullPath="D:/App/Unity Project/FlappyBird-main/Assets/Tests/NewTestScript.cs" />
        <File uid="10" fullPath="D:/App/Unity Project/FlappyBird-main/Assets/Tests/Test 1.cs" />
        <File uid="11" fullPath="D:/App/Unity Project/FlappyBird-main/Assets/Tests/TestAnimation_BirdFlap.cs" />
        <File uid="12" fullPath="D:/App/Unity Project/FlappyBird-main/Assets/Tests/TestAnimation_PipeMovement.cs" />
        <File uid="13" fullPath="D:/App/Unity Project/FlappyBird-main/Assets/Tests/TestAudio_BirdFlapSound.cs" />
        <File uid="14" fullPath="D:/App/Unity Project/FlappyBird-main/Assets/Tests/TestAudio_GameOverSound.cs" />
        <File uid="15" fullPath="D:/App/Unity Project/FlappyBird-main/Assets/Tests/TestCD01.cs" />
        <File uid="16" fullPath="D:/App/Unity Project/FlappyBird-main/Assets/Tests/TestCD02.cs" />
        <File uid="17" fullPath="D:/App/Unity Project/FlappyBird-main/Assets/Tests/TestCD03.cs" />
        <File uid="18" fullPath="D:/App/Unity Project/FlappyBird-main/Assets/Tests/TestEffects_SpeedIncrease.cs" />
        <File uid="19" fullPath="D:/App/Unity Project/FlappyBird-main/Assets/Tests/TestHUD_GameOverScreenDisplay.cs" />
        <File uid="20" fullPath="D:/App/Unity Project/FlappyBird-main/Assets/Tests/TestHUD_ScoreDisplayOnCollect.cs" />
        <File uid="21" fullPath="D:/App/Unity Project/FlappyBird-main/Assets/Tests/TestHV01.cs" />
        <File uid="22" fullPath="D:/App/Unity Project/FlappyBird-main/Assets/Tests/TestHV02.cs" />
        <File uid="23" fullPath="D:/App/Unity Project/FlappyBird-main/Assets/Tests/TestHV03.cs" />
        <File uid="24" fullPath="D:/App/Unity Project/FlappyBird-main/Assets/Tests/TestKN01.cs" />
        <File uid="25" fullPath="D:/App/Unity Project/FlappyBird-main/Assets/Tests/TestKN02.cs" />
        <File uid="26" fullPath="D:/App/Unity Project/FlappyBird-main/Assets/Tests/TestKN03.cs" />
        <File uid="27" fullPath="D:/App/Unity Project/FlappyBird-main/Assets/Tests/TestLab8_ParallelTesting.cs" />
        <File uid="28" fullPath="D:/App/Unity Project/FlappyBird-main/Assets/Tests/TestNV01.cs" />
        <File uid="29" fullPath="D:/App/Unity Project/FlappyBird-main/Assets/Tests/TestNV02.cs" />
        <File uid="30" fullPath="D:/App/Unity Project/FlappyBird-main/Assets/Tests/TestNV03.cs" />
        <File uid="31" fullPath="D:/App/Unity Project/FlappyBird-main/Assets/Tests/TestTC01.cs" />
        <File uid="32" fullPath="D:/App/Unity Project/FlappyBird-main/Assets/Tests/TestTC02.cs" />
        <File uid="33" fullPath="D:/App/Unity Project/FlappyBird-main/Assets/Tests/TestTC03.cs" />
        <File uid="34" fullPath="D:/App/Unity Project/FlappyBird-main/Assets/Tests/TestUI_GameOverButtons.cs" />
        <File uid="35" fullPath="D:/App/Unity Project/FlappyBird-main/Assets/Tests/TestIntegration_FlappyBird.cs" />
        <File uid="36" fullPath="D:/App/Unity Project/FlappyBird-main/Assets/Tests/TestUI_MainMenu.cs" />
      </Files>
      <Classes>
        <Class>
          <Summary numSequencePoints="2" visitedSequencePoints="0" numBranchPoints="0" visitedBranchPoints="0" sequenceCoverage="0.0" branchCoverage="0.0" maxCyclomaticComplexity="0" minCyclomaticComplexity="0" maxCrapScore="0" minCrapScore="0" visitedClasses="0" numClasses="1" visitedMethods="0" numMethods="1" />
          <FullName>NewTestScript</FullName>
          <Methods>
            <Method visited="false" cyclomaticComplexity="0" nPathComplexity="0" sequenceCoverage="0.0" branchCoverage="0" crapScore="0" isConstructor="false" isStatic="false" isGetter="false" isSetter="false">
              <Summary numSequencePoints="2" visitedSequencePoints="0" numBranchPoints="0" visitedBranchPoints="0" sequenceCoverage="0.0" branchCoverage="0" maxCyclomaticComplexity="0" minCyclomaticComplexity="0" maxCrapScore="0" minCrapScore="0" visitedClasses="0" numClasses="0" visitedMethods="0" numMethods="1" />
              <MetadataToken>100663297</MetadataToken>
              <Name>System.Void NewTestScript::NewTestScriptSimplePasses()</Name>
              <FileRef uid="9" />
              <SequencePoints>
                <SequencePoint vc="0" uspid="2384" ordinal="0" offset="0" sl="11" sc="0" el="11" ec="0" bec="0" bev="0" fileid="9" />
                <SequencePoint vc="0" uspid="2385" ordinal="0" offset="1" sl="13" sc="0" el="13" ec="0" bec="0" bev="0" fileid="9" />
              </SequencePoints>
              <BranchPoints />
            </Method>
          </Methods>
        </Class>
        <Class>
          <Summary numSequencePoints="14" visitedSequencePoints="0" numBranchPoints="0" visitedBranchPoints="0" sequenceCoverage="0.0" branchCoverage="0.0" maxCyclomaticComplexity="0" minCyclomaticComplexity="0" maxCrapScore="0" minCrapScore="0" visitedClasses="0" numClasses="1" visitedMethods="0" numMethods="2" />
          <FullName>Test1</FullName>
          <Methods>
            <Method visited="false" cyclomaticComplexity="0" nPathComplexity="0" sequenceCoverage="0.0" branchCoverage="0" crapScore="0" isConstructor="false" isStatic="false" isGetter="false" isSetter="false">
              <Summary numSequencePoints="2" visitedSequencePoints="0" numBranchPoints="0" visitedBranchPoints="0" sequenceCoverage="0.0" branchCoverage="0" maxCyclomaticComplexity="0" minCyclomaticComplexity="0" maxCrapScore="0" minCrapScore="0" visitedClasses="0" numClasses="0" visitedMethods="0" numMethods="1" />
              <MetadataToken>100663300</MetadataToken>
              <Name>System.Void Test1::Test1SimplePasses()</Name>
              <FileRef uid="10" />
              <SequencePoints>
                <SequencePoint vc="0" uspid="2386" ordinal="0" offset="0" sl="11" sc="0" el="11" ec="0" bec="0" bev="0" fileid="10" />
                <SequencePoint vc="0" uspid="2387" ordinal="0" offset="1" sl="13" sc="0" el="13" ec="0" bec="0" bev="0" fileid="10" />
              </SequencePoints>
              <BranchPoints />
            </Method>
            <Method visited="false" cyclomaticComplexity="0" nPathComplexity="0" sequenceCoverage="0.0" branchCoverage="0" crapScore="0" isConstructor="false" isStatic="false" isGetter="false" isSetter="false">
              <Summary numSequencePoints="12" visitedSequencePoints="0" numBranchPoints="0" visitedBranchPoints="0" sequenceCoverage="0.0" branchCoverage="0" maxCyclomaticComplexity="0" minCyclomaticComplexity="0" maxCrapScore="0" minCrapScore="0" visitedClasses="0" numClasses="0" visitedMethods="0" numMethods="1" />
              <MetadataToken>100663302</MetadataToken>
              <Name>System.Void Test1::TearDown()</Name>
              <FileRef uid="10" />
              <SequencePoints>
                <SequencePoint vc="0" uspid="2388" ordinal="0" offset="0" sl="27" sc="0" el="27" ec="0" bec="0" bev="0" fileid="10" />
                <SequencePoint vc="0" uspid="2389" ordinal="0" offset="1" sl="28" sc="0" el="28" ec="0" bec="0" bev="0" fileid="10" />
                <SequencePoint vc="0" uspid="2390" ordinal="0" offset="2" sl="28" sc="0" el="28" ec="0" bec="0" bev="0" fileid="10" />
                <SequencePoint vc="0" uspid="2391" ordinal="0" offset="12" sl="28" sc="0" el="28" ec="0" bec="0" bev="0" fileid="10" />
                <SequencePoint vc="0" uspid="2392" ordinal="0" offset="16" sl="29" sc="0" el="29" ec="0" bec="0" bev="0" fileid="10" />
                <SequencePoint vc="0" uspid="2393" ordinal="0" offset="17" sl="30" sc="0" el="30" ec="0" bec="0" bev="0" fileid="10" />
                <SequencePoint vc="0" uspid="2394" ordinal="0" offset="37" sl="31" sc="0" el="31" ec="0" bec="0" bev="0" fileid="10" />
                <SequencePoint vc="0" uspid="2395" ordinal="0" offset="38" sl="32" sc="0" el="32" ec="0" bec="0" bev="0" fileid="10" />
                <SequencePoint vc="0" uspid="2396" ordinal="0" offset="45" sl="33" sc="0" el="33" ec="0" bec="0" bev="0" fileid="10" />
                <SequencePoint vc="0" uspid="2397" ordinal="0" offset="46" sl="34" sc="0" el="34" ec="0" bec="0" bev="0" fileid="10" />
                <SequencePoint vc="0" uspid="2398" ordinal="0" offset="51" sl="28" sc="0" el="28" ec="0" bec="0" bev="0" fileid="10" />
                <SequencePoint vc="0" uspid="2399" ordinal="0" offset="57" sl="35" sc="0" el="35" ec="0" bec="0" bev="0" fileid="10" />
              </SequencePoints>
              <BranchPoints />
            </Method>
          </Methods>
        </Class>
        <Class>
          <Summary numSequencePoints="19" visitedSequencePoints="0" numBranchPoints="0" visitedBranchPoints="0" sequenceCoverage="0.0" branchCoverage="0.0" maxCyclomaticComplexity="0" minCyclomaticComplexity="0" maxCrapScore="0" minCrapScore="0" visitedClasses="0" numClasses="1" visitedMethods="0" numMethods="2" />
          <FullName>TestAnimation_BirdFlap</FullName>
          <Methods>
            <Method visited="false" cyclomaticComplexity="0" nPathComplexity="0" sequenceCoverage="0.0" branchCoverage="0" crapScore="0" isConstructor="false" isStatic="false" isGetter="false" isSetter="false">
              <Summary numSequencePoints="7" visitedSequencePoints="0" numBranchPoints="0" visitedBranchPoints="0" sequenceCoverage="0.0" branchCoverage="0" maxCyclomaticComplexity="0" minCyclomaticComplexity="0" maxCrapScore="0" minCrapScore="0" visitedClasses="0" numClasses="0" visitedMethods="0" numMethods="1" />
              <MetadataToken>100663306</MetadataToken>
              <Name>System.Void TestAnimation_BirdFlap::Animation_BirdFlap_TrangThai_BanDau_Alive()</Name>
              <FileRef uid="11" />
              <SequencePoints>
                <SequencePoint vc="0" uspid="2400" ordinal="0" offset="0" sl="57" sc="0" el="57" ec="0" bec="0" bev="0" fileid="11" />
                <SequencePoint vc="0" uspid="2401" ordinal="0" offset="1" sl="59" sc="0" el="59" ec="0" bec="0" bev="0" fileid="11" />
                <SequencePoint vc="0" uspid="2402" ordinal="0" offset="12" sl="59" sc="0" el="59" ec="0" bec="0" bev="0" fileid="11" />
                <SequencePoint vc="0" uspid="2403" ordinal="0" offset="19" sl="60" sc="0" el="60" ec="0" bec="0" bev="0" fileid="11" />
                <SequencePoint vc="0" uspid="2404" ordinal="0" offset="26" sl="61" sc="0" el="61" ec="0" bec="0" bev="0" fileid="11" />
                <SequencePoint vc="0" uspid="2405" ordinal="0" offset="33" sl="64" sc="0" el="64" ec="0" bec="0" bev="0" fileid="11" />
                <SequencePoint vc="0" uspid="2406" ordinal="0" offset="55" sl="65" sc="0" el="65" ec="0" bec="0" bev="0" fileid="11" />
              </SequencePoints>
              <BranchPoints />
            </Method>
            <Method visited="false" cyclomaticComplexity="0" nPathComplexity="0" sequenceCoverage="0.0" branchCoverage="0" crapScore="0" isConstructor="false" isStatic="false" isGetter="false" isSetter="false">
              <Summary numSequencePoints="12" visitedSequencePoints="0" numBranchPoints="0" visitedBranchPoints="0" sequenceCoverage="0.0" branchCoverage="0" maxCyclomaticComplexity="0" minCyclomaticComplexity="0" maxCrapScore="0" minCrapScore="0" visitedClasses="0" numClasses="0" visitedMethods="0" numMethods="1" />
              <MetadataToken>100663307</MetadataToken>
              <Name>System.Void TestAnimation_BirdFlap::TearDown()</Name>
              <FileRef uid="11" />
              <SequencePoints>
                <SequencePoint vc="0" uspid="2407" ordinal="0" offset="0" sl="69" sc="0" el="69" ec="0" bec="0" bev="0" fileid="11" />
                <SequencePoint vc="0" uspid="2408" ordinal="0" offset="1" sl="70" sc="0" el="70" ec="0" bec="0" bev="0" fileid="11" />
                <SequencePoint vc="0" uspid="2409" ordinal="0" offset="2" sl="70" sc="0" el="70" ec="0" bec="0" bev="0" fileid="11" />
                <SequencePoint vc="0" uspid="2410" ordinal="0" offset="12" sl="70" sc="0" el="70" ec="0" bec="0" bev="0" fileid="11" />
                <SequencePoint vc="0" uspid="2411" ordinal="0" offset="16" sl="71" sc="0" el="71" ec="0" bec="0" bev="0" fileid="11" />
                <SequencePoint vc="0" uspid="2412" ordinal="0" offset="17" sl="72" sc="0" el="72" ec="0" bec="0" bev="0" fileid="11" />
                <SequencePoint vc="0" uspid="2413" ordinal="0" offset="37" sl="73" sc="0" el="73" ec="0" bec="0" bev="0" fileid="11" />
                <SequencePoint vc="0" uspid="2414" ordinal="0" offset="38" sl="74" sc="0" el="74" ec="0" bec="0" bev="0" fileid="11" />
                <SequencePoint vc="0" uspid="2415" ordinal="0" offset="45" sl="75" sc="0" el="75" ec="0" bec="0" bev="0" fileid="11" />
                <SequencePoint vc="0" uspid="2416" ordinal="0" offset="46" sl="76" sc="0" el="76" ec="0" bec="0" bev="0" fileid="11" />
                <SequencePoint vc="0" uspid="2417" ordinal="0" offset="51" sl="70" sc="0" el="70" ec="0" bec="0" bev="0" fileid="11" />
                <SequencePoint vc="0" uspid="2418" ordinal="0" offset="57" sl="77" sc="0" el="77" ec="0" bec="0" bev="0" fileid="11" />
              </SequencePoints>
              <BranchPoints />
            </Method>
          </Methods>
        </Class>
        <Class>
          <Summary numSequencePoints="24" visitedSequencePoints="0" numBranchPoints="0" visitedBranchPoints="0" sequenceCoverage="0.0" branchCoverage="0.0" maxCyclomaticComplexity="0" minCyclomaticComplexity="0" maxCrapScore="0" minCrapScore="0" visitedClasses="0" numClasses="1" visitedMethods="0" numMethods="2" />
          <FullName>TestAnimation_PipeMovement</FullName>
          <Methods>
            <Method visited="false" cyclomaticComplexity="0" nPathComplexity="0" sequenceCoverage="0.0" branchCoverage="0" crapScore="0" isConstructor="false" isStatic="false" isGetter="false" isSetter="false">
              <Summary numSequencePoints="12" visitedSequencePoints="0" numBranchPoints="0" visitedBranchPoints="0" sequenceCoverage="0.0" branchCoverage="0" maxCyclomaticComplexity="0" minCyclomaticComplexity="0" maxCrapScore="0" minCrapScore="0" visitedClasses="0" numClasses="0" visitedMethods="0" numMethods="1" />
              <MetadataToken>100663312</MetadataToken>
              <Name>System.Void TestAnimation_PipeMovement::SetUp()</Name>
              <FileRef uid="12" />
              <SequencePoints>
                <SequencePoint vc="0" uspid="2419" ordinal="0" offset="0" sl="77" sc="0" el="77" ec="0" bec="0" bev="0" fileid="12" />
                <SequencePoint vc="0" uspid="2420" ordinal="0" offset="1" sl="78" sc="0" el="78" ec="0" bec="0" bev="0" fileid="12" />
                <SequencePoint vc="0" uspid="2421" ordinal="0" offset="2" sl="78" sc="0" el="78" ec="0" bec="0" bev="0" fileid="12" />
                <SequencePoint vc="0" uspid="2422" ordinal="0" offset="12" sl="78" sc="0" el="78" ec="0" bec="0" bev="0" fileid="12" />
                <SequencePoint vc="0" uspid="2423" ordinal="0" offset="16" sl="79" sc="0" el="79" ec="0" bec="0" bev="0" fileid="12" />
                <SequencePoint vc="0" uspid="2424" ordinal="0" offset="17" sl="80" sc="0" el="80" ec="0" bec="0" bev="0" fileid="12" />
                <SequencePoint vc="0" uspid="2425" ordinal="0" offset="37" sl="81" sc="0" el="81" ec="0" bec="0" bev="0" fileid="12" />
                <SequencePoint vc="0" uspid="2426" ordinal="0" offset="38" sl="82" sc="0" el="82" ec="0" bec="0" bev="0" fileid="12" />
                <SequencePoint vc="0" uspid="2427" ordinal="0" offset="45" sl="83" sc="0" el="83" ec="0" bec="0" bev="0" fileid="12" />
                <SequencePoint vc="0" uspid="2428" ordinal="0" offset="46" sl="84" sc="0" el="84" ec="0" bec="0" bev="0" fileid="12" />
                <SequencePoint vc="0" uspid="2429" ordinal="0" offset="51" sl="78" sc="0" el="78" ec="0" bec="0" bev="0" fileid="12" />
                <SequencePoint vc="0" uspid="2430" ordinal="0" offset="57" sl="85" sc="0" el="85" ec="0" bec="0" bev="0" fileid="12" />
              </SequencePoints>
              <BranchPoints />
            </Method>
            <Method visited="false" cyclomaticComplexity="0" nPathComplexity="0" sequenceCoverage="0.0" branchCoverage="0" crapScore="0" isConstructor="false" isStatic="false" isGetter="false" isSetter="false">
              <Summary numSequencePoints="12" visitedSequencePoints="0" numBranchPoints="0" visitedBranchPoints="0" sequenceCoverage="0.0" branchCoverage="0" maxCyclomaticComplexity="0" minCyclomaticComplexity="0" maxCrapScore="0" minCrapScore="0" visitedClasses="0" numClasses="0" visitedMethods="0" numMethods="1" />
              <MetadataToken>100663313</MetadataToken>
              <Name>System.Void TestAnimation_PipeMovement::TearDown()</Name>
              <FileRef uid="12" />
              <SequencePoints>
                <SequencePoint vc="0" uspid="2431" ordinal="0" offset="0" sl="89" sc="0" el="89" ec="0" bec="0" bev="0" fileid="12" />
                <SequencePoint vc="0" uspid="2432" ordinal="0" offset="1" sl="90" sc="0" el="90" ec="0" bec="0" bev="0" fileid="12" />
                <SequencePoint vc="0" uspid="2433" ordinal="0" offset="2" sl="90" sc="0" el="90" ec="0" bec="0" bev="0" fileid="12" />
                <SequencePoint vc="0" uspid="2434" ordinal="0" offset="12" sl="90" sc="0" el="90" ec="0" bec="0" bev="0" fileid="12" />
                <SequencePoint vc="0" uspid="2435" ordinal="0" offset="16" sl="91" sc="0" el="91" ec="0" bec="0" bev="0" fileid="12" />
                <SequencePoint vc="0" uspid="2436" ordinal="0" offset="17" sl="92" sc="0" el="92" ec="0" bec="0" bev="0" fileid="12" />
                <SequencePoint vc="0" uspid="2437" ordinal="0" offset="37" sl="93" sc="0" el="93" ec="0" bec="0" bev="0" fileid="12" />
                <SequencePoint vc="0" uspid="2438" ordinal="0" offset="38" sl="94" sc="0" el="94" ec="0" bec="0" bev="0" fileid="12" />
                <SequencePoint vc="0" uspid="2439" ordinal="0" offset="45" sl="95" sc="0" el="95" ec="0" bec="0" bev="0" fileid="12" />
                <SequencePoint vc="0" uspid="2440" ordinal="0" offset="46" sl="96" sc="0" el="96" ec="0" bec="0" bev="0" fileid="12" />
                <SequencePoint vc="0" uspid="2441" ordinal="0" offset="51" sl="90" sc="0" el="90" ec="0" bec="0" bev="0" fileid="12" />
                <SequencePoint vc="0" uspid="2442" ordinal="0" offset="57" sl="97" sc="0" el="97" ec="0" bec="0" bev="0" fileid="12" />
              </SequencePoints>
              <BranchPoints />
            </Method>
          </Methods>
        </Class>
        <Class>
          <Summary numSequencePoints="32" visitedSequencePoints="0" numBranchPoints="0" visitedBranchPoints="0" sequenceCoverage="0.0" branchCoverage="0.0" maxCyclomaticComplexity="0" minCyclomaticComplexity="0" maxCrapScore="0" minCrapScore="0" visitedClasses="0" numClasses="1" visitedMethods="0" numMethods="4" />
          <FullName>TestAudio_BirdFlapSound</FullName>
          <Methods>
            <Method visited="false" cyclomaticComplexity="0" nPathComplexity="0" sequenceCoverage="0.0" branchCoverage="0" crapScore="0" isConstructor="false" isStatic="false" isGetter="false" isSetter="false">
              <Summary numSequencePoints="6" visitedSequencePoints="0" numBranchPoints="0" visitedBranchPoints="0" sequenceCoverage="0.0" branchCoverage="0" maxCyclomaticComplexity="0" minCyclomaticComplexity="0" maxCrapScore="0" minCrapScore="0" visitedClasses="0" numClasses="0" visitedMethods="0" numMethods="1" />
              <MetadataToken>100663315</MetadataToken>
              <Name>System.Void TestAudio_BirdFlapSound::Audio_BirdFlap_AudioSource_TonTai()</Name>
              <FileRef uid="13" />
              <SequencePoints>
                <SequencePoint vc="0" uspid="2443" ordinal="0" offset="0" sl="12" sc="0" el="12" ec="0" bec="0" bev="0" fileid="13" />
                <SequencePoint vc="0" uspid="2444" ordinal="0" offset="1" sl="14" sc="0" el="14" ec="0" bec="0" bev="0" fileid="13" />
                <SequencePoint vc="0" uspid="2445" ordinal="0" offset="12" sl="15" sc="0" el="15" ec="0" bec="0" bev="0" fileid="13" />
                <SequencePoint vc="0" uspid="2446" ordinal="0" offset="19" sl="16" sc="0" el="16" ec="0" bec="0" bev="0" fileid="13" />
                <SequencePoint vc="0" uspid="2447" ordinal="0" offset="26" sl="19" sc="0" el="19" ec="0" bec="0" bev="0" fileid="13" />
                <SequencePoint vc="0" uspid="2448" ordinal="0" offset="43" sl="20" sc="0" el="20" ec="0" bec="0" bev="0" fileid="13" />
              </SequencePoints>
              <BranchPoints />
            </Method>
            <Method visited="false" cyclomaticComplexity="0" nPathComplexity="0" sequenceCoverage="0.0" branchCoverage="0" crapScore="0" isConstructor="false" isStatic="false" isGetter="false" isSetter="false">
              <Summary numSequencePoints="7" visitedSequencePoints="0" numBranchPoints="0" visitedBranchPoints="0" sequenceCoverage="0.0" branchCoverage="0" maxCyclomaticComplexity="0" minCyclomaticComplexity="0" maxCrapScore="0" minCrapScore="0" visitedClasses="0" numClasses="0" visitedMethods="0" numMethods="1" />
              <MetadataToken>100663316</MetadataToken>
              <Name>System.Void TestAudio_BirdFlapSound::Audio_BirdFlap_BirdFly_DuocGan()</Name>
              <FileRef uid="13" />
              <SequencePoints>
                <SequencePoint vc="0" uspid="2449" ordinal="0" offset="0" sl="24" sc="0" el="24" ec="0" bec="0" bev="0" fileid="13" />
                <SequencePoint vc="0" uspid="2450" ordinal="0" offset="1" sl="26" sc="0" el="26" ec="0" bec="0" bev="0" fileid="13" />
                <SequencePoint vc="0" uspid="2451" ordinal="0" offset="12" sl="27" sc="0" el="27" ec="0" bec="0" bev="0" fileid="13" />
                <SequencePoint vc="0" uspid="2452" ordinal="0" offset="19" sl="28" sc="0" el="28" ec="0" bec="0" bev="0" fileid="13" />
                <SequencePoint vc="0" uspid="2453" ordinal="0" offset="26" sl="29" sc="0" el="29" ec="0" bec="0" bev="0" fileid="13" />
                <SequencePoint vc="0" uspid="2454" ordinal="0" offset="33" sl="32" sc="0" el="32" ec="0" bec="0" bev="0" fileid="13" />
                <SequencePoint vc="0" uspid="2455" ordinal="0" offset="55" sl="33" sc="0" el="33" ec="0" bec="0" bev="0" fileid="13" />
              </SequencePoints>
              <BranchPoints />
            </Method>
            <Method visited="false" cyclomaticComplexity="0" nPathComplexity="0" sequenceCoverage="0.0" branchCoverage="0" crapScore="0" isConstructor="false" isStatic="false" isGetter="false" isSetter="false">
              <Summary numSequencePoints="7" visitedSequencePoints="0" numBranchPoints="0" visitedBranchPoints="0" sequenceCoverage="0.0" branchCoverage="0" maxCyclomaticComplexity="0" minCyclomaticComplexity="0" maxCrapScore="0" minCrapScore="0" visitedClasses="0" numClasses="0" visitedMethods="0" numMethods="1" />
              <MetadataToken>100663317</MetadataToken>
              <Name>System.Void TestAudio_BirdFlapSound::Audio_BirdFlap_AudioSource_KhongTuDongPlay()</Name>
              <FileRef uid="13" />
              <SequencePoints>
                <SequencePoint vc="0" uspid="2456" ordinal="0" offset="0" sl="37" sc="0" el="37" ec="0" bec="0" bev="0" fileid="13" />
                <SequencePoint vc="0" uspid="2457" ordinal="0" offset="1" sl="39" sc="0" el="39" ec="0" bec="0" bev="0" fileid="13" />
                <SequencePoint vc="0" uspid="2458" ordinal="0" offset="12" sl="40" sc="0" el="40" ec="0" bec="0" bev="0" fileid="13" />
                <SequencePoint vc="0" uspid="2459" ordinal="0" offset="19" sl="41" sc="0" el="41" ec="0" bec="0" bev="0" fileid="13" />
                <SequencePoint vc="0" uspid="2460" ordinal="0" offset="27" sl="44" sc="0" el="44" ec="0" bec="0" bev="0" fileid="13" />
                <SequencePoint vc="0" uspid="2461" ordinal="0" offset="49" sl="45" sc="0" el="45" ec="0" bec="0" bev="0" fileid="13" />
                <SequencePoint vc="0" uspid="2462" ordinal="0" offset="71" sl="46" sc="0" el="46" ec="0" bec="0" bev="0" fileid="13" />
              </SequencePoints>
              <BranchPoints />
            </Method>
            <Method visited="false" cyclomaticComplexity="0" nPathComplexity="0" sequenceCoverage="0.0" branchCoverage="0" crapScore="0" isConstructor="false" isStatic="false" isGetter="false" isSetter="false">
              <Summary numSequencePoints="12" visitedSequencePoints="0" numBranchPoints="0" visitedBranchPoints="0" sequenceCoverage="0.0" branchCoverage="0" maxCyclomaticComplexity="0" minCyclomaticComplexity="0" maxCrapScore="0" minCrapScore="0" visitedClasses="0" numClasses="0" visitedMethods="0" numMethods="1" />
              <MetadataToken>100663318</MetadataToken>
              <Name>System.Void TestAudio_BirdFlapSound::TearDown()</Name>
              <FileRef uid="13" />
              <SequencePoints>
                <SequencePoint vc="0" uspid="2463" ordinal="0" offset="0" sl="50" sc="0" el="50" ec="0" bec="0" bev="0" fileid="13" />
                <SequencePoint vc="0" uspid="2464" ordinal="0" offset="1" sl="51" sc="0" el="51" ec="0" bec="0" bev="0" fileid="13" />
                <SequencePoint vc="0" uspid="2465" ordinal="0" offset="2" sl="51" sc="0" el="51" ec="0" bec="0" bev="0" fileid="13" />
                <SequencePoint vc="0" uspid="2466" ordinal="0" offset="12" sl="51" sc="0" el="51" ec="0" bec="0" bev="0" fileid="13" />
                <SequencePoint vc="0" uspid="2467" ordinal="0" offset="16" sl="52" sc="0" el="52" ec="0" bec="0" bev="0" fileid="13" />
                <SequencePoint vc="0" uspid="2468" ordinal="0" offset="17" sl="53" sc="0" el="53" ec="0" bec="0" bev="0" fileid="13" />
                <SequencePoint vc="0" uspid="2469" ordinal="0" offset="37" sl="54" sc="0" el="54" ec="0" bec="0" bev="0" fileid="13" />
                <SequencePoint vc="0" uspid="2470" ordinal="0" offset="38" sl="55" sc="0" el="55" ec="0" bec="0" bev="0" fileid="13" />
                <SequencePoint vc="0" uspid="2471" ordinal="0" offset="45" sl="56" sc="0" el="56" ec="0" bec="0" bev="0" fileid="13" />
                <SequencePoint vc="0" uspid="2472" ordinal="0" offset="46" sl="57" sc="0" el="57" ec="0" bec="0" bev="0" fileid="13" />
                <SequencePoint vc="0" uspid="2473" ordinal="0" offset="51" sl="51" sc="0" el="51" ec="0" bec="0" bev="0" fileid="13" />
                <SequencePoint vc="0" uspid="2474" ordinal="0" offset="57" sl="58" sc="0" el="58" ec="0" bec="0" bev="0" fileid="13" />
              </SequencePoints>
              <BranchPoints />
            </Method>
          </Methods>
        </Class>
        <Class>
          <Summary numSequencePoints="43" visitedSequencePoints="0" numBranchPoints="0" visitedBranchPoints="0" sequenceCoverage="0.0" branchCoverage="0.0" maxCyclomaticComplexity="0" minCyclomaticComplexity="0" maxCrapScore="0" minCrapScore="0" visitedClasses="0" numClasses="1" visitedMethods="0" numMethods="4" />
          <FullName>TestAudio_GameOverSound</FullName>
          <Methods>
            <Method visited="false" cyclomaticComplexity="0" nPathComplexity="0" sequenceCoverage="0.0" branchCoverage="0" crapScore="0" isConstructor="false" isStatic="false" isGetter="false" isSetter="false">
              <Summary numSequencePoints="7" visitedSequencePoints="0" numBranchPoints="0" visitedBranchPoints="0" sequenceCoverage="0.0" branchCoverage="0" maxCyclomaticComplexity="0" minCyclomaticComplexity="0" maxCrapScore="0" minCrapScore="0" visitedClasses="0" numClasses="0" visitedMethods="0" numMethods="1" />
              <MetadataToken>100663320</MetadataToken>
              <Name>System.Void TestAudio_GameOverSound::Audio_GameOver_AudioSource_TonTai()</Name>
              <FileRef uid="14" />
              <SequencePoints>
                <SequencePoint vc="0" uspid="2475" ordinal="0" offset="0" sl="12" sc="0" el="12" ec="0" bec="0" bev="0" fileid="14" />
                <SequencePoint vc="0" uspid="2476" ordinal="0" offset="1" sl="14" sc="0" el="14" ec="0" bec="0" bev="0" fileid="14" />
                <SequencePoint vc="0" uspid="2477" ordinal="0" offset="12" sl="14" sc="0" el="14" ec="0" bec="0" bev="0" fileid="14" />
                <SequencePoint vc="0" uspid="2478" ordinal="0" offset="19" sl="15" sc="0" el="15" ec="0" bec="0" bev="0" fileid="14" />
                <SequencePoint vc="0" uspid="2479" ordinal="0" offset="26" sl="17" sc="0" el="17" ec="0" bec="0" bev="0" fileid="14" />
                <SequencePoint vc="0" uspid="2480" ordinal="0" offset="38" sl="20" sc="0" el="20" ec="0" bec="0" bev="0" fileid="14" />
                <SequencePoint vc="0" uspid="2481" ordinal="0" offset="60" sl="21" sc="0" el="21" ec="0" bec="0" bev="0" fileid="14" />
              </SequencePoints>
              <BranchPoints />
            </Method>
            <Method visited="false" cyclomaticComplexity="0" nPathComplexity="0" sequenceCoverage="0.0" branchCoverage="0" crapScore="0" isConstructor="false" isStatic="false" isGetter="false" isSetter="false">
              <Summary numSequencePoints="14" visitedSequencePoints="0" numBranchPoints="0" visitedBranchPoints="0" sequenceCoverage="0.0" branchCoverage="0" maxCyclomaticComplexity="0" minCyclomaticComplexity="0" maxCrapScore="0" minCrapScore="0" visitedClasses="0" numClasses="0" visitedMethods="0" numMethods="1" />
              <MetadataToken>100663321</MetadataToken>
              <Name>System.Void TestAudio_GameOverSound::Audio_GameOver_PhatAm_KhiVaCham()</Name>
              <FileRef uid="14" />
              <SequencePoints>
                <SequencePoint vc="0" uspid="2482" ordinal="0" offset="0" sl="25" sc="0" el="25" ec="0" bec="0" bev="0" fileid="14" />
                <SequencePoint vc="0" uspid="2483" ordinal="0" offset="1" sl="27" sc="0" el="27" ec="0" bec="0" bev="0" fileid="14" />
                <SequencePoint vc="0" uspid="2484" ordinal="0" offset="12" sl="27" sc="0" el="27" ec="0" bec="0" bev="0" fileid="14" />
                <SequencePoint vc="0" uspid="2485" ordinal="0" offset="19" sl="28" sc="0" el="28" ec="0" bec="0" bev="0" fileid="14" />
                <SequencePoint vc="0" uspid="2486" ordinal="0" offset="26" sl="30" sc="0" el="30" ec="0" bec="0" bev="0" fileid="14" />
                <SequencePoint vc="0" uspid="2487" ordinal="0" offset="37" sl="30" sc="0" el="30" ec="0" bec="0" bev="0" fileid="14" />
                <SequencePoint vc="0" uspid="2488" ordinal="0" offset="44" sl="31" sc="0" el="31" ec="0" bec="0" bev="0" fileid="14" />
                <SequencePoint vc="0" uspid="2489" ordinal="0" offset="51" sl="32" sc="0" el="32" ec="0" bec="0" bev="0" fileid="14" />
                <SequencePoint vc="0" uspid="2490" ordinal="0" offset="63" sl="33" sc="0" el="33" ec="0" bec="0" bev="0" fileid="14" />
                <SequencePoint vc="0" uspid="2491" ordinal="0" offset="79" sl="34" sc="0" el="34" ec="0" bec="0" bev="0" fileid="14" />
                <SequencePoint vc="0" uspid="2492" ordinal="0" offset="86" sl="35" sc="0" el="35" ec="0" bec="0" bev="0" fileid="14" />
                <SequencePoint vc="0" uspid="2493" ordinal="0" offset="93" sl="38" sc="0" el="38" ec="0" bec="0" bev="0" fileid="14" />
                <SequencePoint vc="0" uspid="2494" ordinal="0" offset="101" sl="41" sc="0" el="41" ec="0" bec="0" bev="0" fileid="14" />
                <SequencePoint vc="0" uspid="2495" ordinal="0" offset="128" sl="42" sc="0" el="42" ec="0" bec="0" bev="0" fileid="14" />
              </SequencePoints>
              <BranchPoints />
            </Method>
            <Method visited="false" cyclomaticComplexity="0" nPathComplexity="0" sequenceCoverage="0.0" branchCoverage="0" crapScore="0" isConstructor="false" isStatic="false" isGetter="false" isSetter="false">
              <Summary numSequencePoints="10" visitedSequencePoints="0" numBranchPoints="0" visitedBranchPoints="0" sequenceCoverage="0.0" branchCoverage="0" maxCyclomaticComplexity="0" minCyclomaticComplexity="0" maxCrapScore="0" minCrapScore="0" visitedClasses="0" numClasses="0" visitedMethods="0" numMethods="1" />
              <MetadataToken>100663322</MetadataToken>
              <Name>System.Void TestAudio_GameOverSound::Audio_GameOver_KhongPhat_KhiChuaChet()</Name>
              <FileRef uid="14" />
              <SequencePoints>
                <SequencePoint vc="0" uspid="2496" ordinal="0" offset="0" sl="46" sc="0" el="46" ec="0" bec="0" bev="0" fileid="14" />
                <SequencePoint vc="0" uspid="2497" ordinal="0" offset="1" sl="48" sc="0" el="48" ec="0" bec="0" bev="0" fileid="14" />
                <SequencePoint vc="0" uspid="2498" ordinal="0" offset="12" sl="48" sc="0" el="48" ec="0" bec="0" bev="0" fileid="14" />
                <SequencePoint vc="0" uspid="2499" ordinal="0" offset="19" sl="49" sc="0" el="49" ec="0" bec="0" bev="0" fileid="14" />
                <SequencePoint vc="0" uspid="2500" ordinal="0" offset="26" sl="50" sc="0" el="50" ec="0" bec="0" bev="0" fileid="14" />
                <SequencePoint vc="0" uspid="2501" ordinal="0" offset="38" sl="51" sc="0" el="51" ec="0" bec="0" bev="0" fileid="14" />
                <SequencePoint vc="0" uspid="2502" ordinal="0" offset="54" sl="52" sc="0" el="52" ec="0" bec="0" bev="0" fileid="14" />
                <SequencePoint vc="0" uspid="2503" ordinal="0" offset="67" sl="55" sc="0" el="55" ec="0" bec="0" bev="0" fileid="14" />
                <SequencePoint vc="0" uspid="2504" ordinal="0" offset="94" sl="56" sc="0" el="56" ec="0" bec="0" bev="0" fileid="14" />
                <SequencePoint vc="0" uspid="2505" ordinal="0" offset="121" sl="57" sc="0" el="57" ec="0" bec="0" bev="0" fileid="14" />
              </SequencePoints>
              <BranchPoints />
            </Method>
            <Method visited="false" cyclomaticComplexity="0" nPathComplexity="0" sequenceCoverage="0.0" branchCoverage="0" crapScore="0" isConstructor="false" isStatic="false" isGetter="false" isSetter="false">
              <Summary numSequencePoints="12" visitedSequencePoints="0" numBranchPoints="0" visitedBranchPoints="0" sequenceCoverage="0.0" branchCoverage="0" maxCyclomaticComplexity="0" minCyclomaticComplexity="0" maxCrapScore="0" minCrapScore="0" visitedClasses="0" numClasses="0" visitedMethods="0" numMethods="1" />
              <MetadataToken>100663323</MetadataToken>
              <Name>System.Void TestAudio_GameOverSound::TearDown()</Name>
              <FileRef uid="14" />
              <SequencePoints>
                <SequencePoint vc="0" uspid="2506" ordinal="0" offset="0" sl="61" sc="0" el="61" ec="0" bec="0" bev="0" fileid="14" />
                <SequencePoint vc="0" uspid="2507" ordinal="0" offset="1" sl="62" sc="0" el="62" ec="0" bec="0" bev="0" fileid="14" />
                <SequencePoint vc="0" uspid="2508" ordinal="0" offset="2" sl="62" sc="0" el="62" ec="0" bec="0" bev="0" fileid="14" />
                <SequencePoint vc="0" uspid="2509" ordinal="0" offset="12" sl="62" sc="0" el="62" ec="0" bec="0" bev="0" fileid="14" />
                <SequencePoint vc="0" uspid="2510" ordinal="0" offset="16" sl="63" sc="0" el="63" ec="0" bec="0" bev="0" fileid="14" />
                <SequencePoint vc="0" uspid="2511" ordinal="0" offset="17" sl="64" sc="0" el="64" ec="0" bec="0" bev="0" fileid="14" />
                <SequencePoint vc="0" uspid="2512" ordinal="0" offset="37" sl="65" sc="0" el="65" ec="0" bec="0" bev="0" fileid="14" />
                <SequencePoint vc="0" uspid="2513" ordinal="0" offset="38" sl="66" sc="0" el="66" ec="0" bec="0" bev="0" fileid="14" />
                <SequencePoint vc="0" uspid="2514" ordinal="0" offset="45" sl="67" sc="0" el="67" ec="0" bec="0" bev="0" fileid="14" />
                <SequencePoint vc="0" uspid="2515" ordinal="0" offset="46" sl="68" sc="0" el="68" ec="0" bec="0" bev="0" fileid="14" />
                <SequencePoint vc="0" uspid="2516" ordinal="0" offset="51" sl="62" sc="0" el="62" ec="0" bec="0" bev="0" fileid="14" />
                <SequencePoint vc="0" uspid="2517" ordinal="0" offset="57" sl="69" sc="0" el="69" ec="0" bec="0" bev="0" fileid="14" />
              </SequencePoints>
              <BranchPoints />
            </Method>
          </Methods>
        </Class>
        <Class>
          <Summary numSequencePoints="12" visitedSequencePoints="0" numBranchPoints="0" visitedBranchPoints="0" sequenceCoverage="0.0" branchCoverage="0.0" maxCyclomaticComplexity="0" minCyclomaticComplexity="0" maxCrapScore="0" minCrapScore="0" visitedClasses="0" numClasses="1" visitedMethods="0" numMethods="1" />
          <FullName>TestCD01</FullName>
          <Methods>
            <Method visited="false" cyclomaticComplexity="0" nPathComplexity="0" sequenceCoverage="0.0" branchCoverage="0" crapScore="0" isConstructor="false" isStatic="false" isGetter="false" isSetter="false">
              <Summary numSequencePoints="12" visitedSequencePoints="0" numBranchPoints="0" visitedBranchPoints="0" sequenceCoverage="0.0" branchCoverage="0" maxCyclomaticComplexity="0" minCyclomaticComplexity="0" maxCrapScore="0" minCrapScore="0" visitedClasses="0" numClasses="0" visitedMethods="0" numMethods="1" />
              <MetadataToken>100663326</MetadataToken>
              <Name>System.Void TestCD01::TearDown()</Name>
              <FileRef uid="15" />
              <SequencePoints>
                <SequencePoint vc="0" uspid="2518" ordinal="0" offset="0" sl="38" sc="0" el="38" ec="0" bec="0" bev="0" fileid="15" />
                <SequencePoint vc="0" uspid="2519" ordinal="0" offset="1" sl="39" sc="0" el="39" ec="0" bec="0" bev="0" fileid="15" />
                <SequencePoint vc="0" uspid="2520" ordinal="0" offset="2" sl="39" sc="0" el="39" ec="0" bec="0" bev="0" fileid="15" />
                <SequencePoint vc="0" uspid="2521" ordinal="0" offset="12" sl="39" sc="0" el="39" ec="0" bec="0" bev="0" fileid="15" />
                <SequencePoint vc="0" uspid="2522" ordinal="0" offset="16" sl="40" sc="0" el="40" ec="0" bec="0" bev="0" fileid="15" />
                <SequencePoint vc="0" uspid="2523" ordinal="0" offset="17" sl="41" sc="0" el="41" ec="0" bec="0" bev="0" fileid="15" />
                <SequencePoint vc="0" uspid="2524" ordinal="0" offset="37" sl="42" sc="0" el="42" ec="0" bec="0" bev="0" fileid="15" />
                <SequencePoint vc="0" uspid="2525" ordinal="0" offset="38" sl="43" sc="0" el="43" ec="0" bec="0" bev="0" fileid="15" />
                <SequencePoint vc="0" uspid="2526" ordinal="0" offset="45" sl="44" sc="0" el="44" ec="0" bec="0" bev="0" fileid="15" />
                <SequencePoint vc="0" uspid="2527" ordinal="0" offset="46" sl="45" sc="0" el="45" ec="0" bec="0" bev="0" fileid="15" />
                <SequencePoint vc="0" uspid="2528" ordinal="0" offset="51" sl="39" sc="0" el="39" ec="0" bec="0" bev="0" fileid="15" />
                <SequencePoint vc="0" uspid="2529" ordinal="0" offset="57" sl="46" sc="0" el="46" ec="0" bec="0" bev="0" fileid="15" />
              </SequencePoints>
              <BranchPoints />
            </Method>
          </Methods>
        </Class>
        <Class>
          <Summary numSequencePoints="12" visitedSequencePoints="0" numBranchPoints="0" visitedBranchPoints="0" sequenceCoverage="0.0" branchCoverage="0.0" maxCyclomaticComplexity="0" minCyclomaticComplexity="0" maxCrapScore="0" minCrapScore="0" visitedClasses="0" numClasses="1" visitedMethods="0" numMethods="1" />
          <FullName>TestCD02</FullName>
          <Methods>
[...]
            <Method visited="false" cyclomaticComplexity="0" nPathComplexity="0" sequenceCoverage="0.0" branchCoverage="0" crapScore="0" isConstructor="false" isStatic="false" isGetter="false" isSetter="false">
              <Summary numSequencePoints="11" visitedSequencePoints="0" numBranchPoints="0" visitedBranchPoints="0" sequenceCoverage="0.0" branchCoverage="0" maxCyclomaticComplexity="0" minCyclomaticComplexity="0" maxCrapScore="0" minCrapScore="0" visitedClasses="0" numClasses="0" visitedMethods="0" numMethods="1" />
              <MetadataToken>100663528</MetadataToken>
              <Name>System.Boolean Tests.TestIntegration_FlappyBird/&lt;Integration_Audio_Hit_KhiChet&gt;d__7::MoveNext()</Name>
              <FileRef uid="35" />
              <SequencePoints>
                <SequencePoint vc="0" uspid="3314" ordinal="0" offset="34" sl="150" sc="0" el="150" ec="0" bec="0" bev="0" fileid="35" />
                <SequencePoint vc="0" uspid="3315" ordinal="0" offset="35" sl="151" sc="0" el="151" ec="0" bec="0" bev="0" fileid="35" />
                <SequencePoint vc="0" uspid="3316" ordinal="0" offset="51" sl="152" sc="0" el="152" ec="0" bec="0" bev="0" fileid="35" />
                <SequencePoint vc="0" uspid="3317" ordinal="0" offset="68" sl="155" sc="0" el="155" ec="0" bec="0" bev="0" fileid="35" />
                <SequencePoint vc="0" uspid="3318" ordinal="0" offset="84" sl="158" sc="0" el="158" ec="0" bec="0" bev="0" fileid="35" />
                <SequencePoint vc="0" uspid="3319" ordinal="0" offset="101" sl="160" sc="0" el="160" ec="0" bec="0" bev="0" fileid="35" />
                <SequencePoint vc="0" uspid="3320" ordinal="0" offset="123" sl="162" sc="0" el="162" ec="0" bec="0" bev="0" fileid="35" />
                <SequencePoint vc="0" uspid="3321" ordinal="0" offset="140" sl="165" sc="0" el="165" ec="0" bec="0" bev="0" fileid="35" />
                <SequencePoint vc="0" uspid="3322" ordinal="0" offset="152" sl="166" sc="0" el="166" ec="0" bec="0" bev="0" fileid="35" />
                <SequencePoint vc="0" uspid="3323" ordinal="0" offset="175" sl="169" sc="0" el="169" ec="0" bec="0" bev="0" fileid="35" />
                <SequencePoint vc="0" uspid="3324" ordinal="0" offset="202" sl="170" sc="0" el="170" ec="0" bec="0" bev="0" fileid="35" />
              </SequencePoints>
              <BranchPoints />
            </Method>
          </Methods>
        </Class>
        <Class>
          <Summary numSequencePoints="13" visitedSequencePoints="0" numBranchPoints="0" visitedBranchPoints="0" sequenceCoverage="0.0" branchCoverage="0.0" maxCyclomaticComplexity="0" minCyclomaticComplexity="0" maxCrapScore="0" minCrapScore="0" visitedClasses="0" numClasses="1" visitedMethods="0" numMethods="1" />
          <FullName>Tests.TestIntegration_FlappyBird/&lt;Integration_UI_GameOver_Trigger&gt;d__4</FullName>
          <Methods>
            <Method visited="false" cyclomaticComplexity="0" nPathComplexity="0" sequenceCoverage="0.0" branchCoverage="0" crapScore="0" isConstructor="false" isStatic="false" isGetter="false" isSetter="false">
              <Summary numSequencePoints="13" visitedSequencePoints="0" numBranchPoints="0" visitedBranchPoints="0" sequenceCoverage="0.0" branchCoverage="0" maxCyclomaticComplexity="0" minCyclomaticComplexity="0" maxCrapScore="0" minCrapScore="0" visitedClasses="0" numClasses="0" visitedMethods="0" numMethods="1" />
              <MetadataToken>100663534</MetadataToken>
              <Name>System.Boolean Tests.TestIntegration_FlappyBird/&lt;Integration_UI_GameOver_Trigger&gt;d__4::MoveNext()</Name>
              <FileRef uid="35" />
              <SequencePoints>
                <SequencePoint vc="0" uspid="3325" ordinal="0" offset="34" sl="55" sc="0" el="55" ec="0" bec="0" bev="0" fileid="35" />
                <SequencePoint vc="0" uspid="3326" ordinal="0" offset="35" sl="56" sc="0" el="56" ec="0" bec="0" bev="0" fileid="35" />
                <SequencePoint vc="0" uspid="3327" ordinal="0" offset="51" sl="57" sc="0" el="57" ec="0" bec="0" bev="0" fileid="35" />
                <SequencePoint vc="0" uspid="3328" ordinal="0" offset="68" sl="59" sc="0" el="59" ec="0" bec="0" bev="0" fileid="35" />
                <SequencePoint vc="0" uspid="3329" ordinal="0" offset="84" sl="60" sc="0" el="60" ec="0" bec="0" bev="0" fileid="35" />
                <SequencePoint vc="0" uspid="3330" ordinal="0" offset="97" sl="63" sc="0" el="63" ec="0" bec="0" bev="0" fileid="35" />
                <SequencePoint vc="0" uspid="3331" ordinal="0" offset="114" sl="65" sc="0" el="65" ec="0" bec="0" bev="0" fileid="35" />
                <SequencePoint vc="0" uspid="3332" ordinal="0" offset="136" sl="67" sc="0" el="67" ec="0" bec="0" bev="0" fileid="35" />
                <SequencePoint vc="0" uspid="3333" ordinal="0" offset="153" sl="70" sc="0" el="70" ec="0" bec="0" bev="0" fileid="35" />
                <SequencePoint vc="0" uspid="3334" ordinal="0" offset="170" sl="73" sc="0" el="73" ec="0" bec="0" bev="0" fileid="35" />
                <SequencePoint vc="0" uspid="3335" ordinal="0" offset="182" sl="74" sc="0" el="74" ec="0" bec="0" bev="0" fileid="35" />
                <SequencePoint vc="0" uspid="3336" ordinal="0" offset="205" sl="77" sc="0" el="77" ec="0" bec="0" bev="0" fileid="35" />
                <SequencePoint vc="0" uspid="3337" ordinal="0" offset="232" sl="78" sc="0" el="78" ec="0" bec="0" bev="0" fileid="35" />
              </SequencePoints>
              <BranchPoints />
            </Method>
          </Methods>
        </Class>
        <Class>
          <Summary numSequencePoints="24" visitedSequencePoints="0" numBranchPoints="0" visitedBranchPoints="0" sequenceCoverage="0.0" branchCoverage="0.0" maxCyclomaticComplexity="0" minCyclomaticComplexity="0" maxCrapScore="0" minCrapScore="0" visitedClasses="0" numClasses="1" visitedMethods="0" numMethods="1" />
          <FullName>Tests.TestIntegration_FlappyBird/&lt;Integration_UI_Restart_Logic&gt;d__5</FullName>
          <Methods>
            <Method visited="false" cyclomaticComplexity="0" nPathComplexity="0" sequenceCoverage="0.0" branchCoverage="0" crapScore="0" isConstructor="false" isStatic="false" isGetter="false" isSetter="false">
              <Summary numSequencePoints="24" visitedSequencePoints="0" numBranchPoints="0" visitedBranchPoints="0" sequenceCoverage="0.0" branchCoverage="0" maxCyclomaticComplexity="0" minCyclomaticComplexity="0" maxCrapScore="0" minCrapScore="0" visitedClasses="0" numClasses="0" visitedMethods="0" numMethods="1" />
              <MetadataToken>100663540</MetadataToken>
              <Name>System.Boolean Tests.TestIntegration_FlappyBird/&lt;Integration_UI_Restart_Logic&gt;d__5::MoveNext()</Name>
              <FileRef uid="35" />
              <SequencePoints>
                <SequencePoint vc="0" uspid="3338" ordinal="0" offset="72" sl="82" sc="0" el="82" ec="0" bec="0" bev="0" fileid="35" />
                <SequencePoint vc="0" uspid="3339" ordinal="0" offset="73" sl="84" sc="0" el="84" ec="0" bec="0" bev="0" fileid="35" />
                <SequencePoint vc="0" uspid="3340" ordinal="0" offset="84" sl="85" sc="0" el="85" ec="0" bec="0" bev="0" fileid="35" />
                <SequencePoint vc="0" uspid="3341" ordinal="0" offset="107" sl="88" sc="0" el="88" ec="0" bec="0" bev="0" fileid="35" />
                <SequencePoint vc="0" uspid="3342" ordinal="0" offset="130" sl="89" sc="0" el="89" ec="0" bec="0" bev="0" fileid="35" />
                <SequencePoint vc="0" uspid="3343" ordinal="0" offset="137" sl="90" sc="0" el="90" ec="0" bec="0" bev="0" fileid="35" />
                <SequencePoint vc="0" uspid="3344" ordinal="0" offset="153" sl="91" sc="0" el="91" ec="0" bec="0" bev="0" fileid="35" />
                <SequencePoint vc="0" uspid="3345" ordinal="0" offset="154" sl="92" sc="0" el="92" ec="0" bec="0" bev="0" fileid="35" />
                <SequencePoint vc="0" uspid="3346" ordinal="0" offset="171" sl="93" sc="0" el="93" ec="0" bec="0" bev="0" fileid="35" />
                <SequencePoint vc="0" uspid="3347" ordinal="0" offset="183" sl="94" sc="0" el="94" ec="0" bec="0" bev="0" fileid="35" />
                <SequencePoint vc="0" uspid="3348" ordinal="0" offset="215" sl="97" sc="0" el="97" ec="0" bec="0" bev="0" fileid="35" />
                <SequencePoint vc="0" uspid="3349" ordinal="0" offset="236" sl="98" sc="0" el="98" ec="0" bec="0" bev="0" fileid="35" />
                <SequencePoint vc="0" uspid="3350" ordinal="0" offset="237" sl="99" sc="0" el="99" ec="0" bec="0" bev="0" fileid="35" />
                <SequencePoint vc="0" uspid="3351" ordinal="0" offset="260" sl="100" sc="0" el="100" ec="0" bec="0" bev="0" fileid="35" />
                <SequencePoint vc="0" uspid="3352" ordinal="0" offset="261" sl="101" sc="0" el="101" ec="0" bec="0" bev="0" fileid="35" />
                <SequencePoint vc="0" uspid="3353" ordinal="0" offset="269" sl="103" sc="0" el="103" ec="0" bec="0" bev="0" fileid="35" />
                <SequencePoint vc="0" uspid="3354" ordinal="0" offset="291" sl="106" sc="0" el="106" ec="0" bec="0" bev="0" fileid="35" />
                <SequencePoint vc="0" uspid="3355" ordinal="0" offset="359" sl="107" sc="0" el="107" ec="0" bec="0" bev="0" fileid="35" />
                <SequencePoint vc="0" uspid="3356" ordinal="0" offset="391" sl="108" sc="0" el="108" ec="0" bec="0" bev="0" fileid="35" />
                <SequencePoint vc="0" uspid="3357" ordinal="0" offset="438" sl="109" sc="0" el="109" ec="0" bec="0" bev="0" fileid="35" />
                <SequencePoint vc="0" uspid="3358" ordinal="0" offset="461" sl="110" sc="0" el="110" ec="0" bec="0" bev="0" fileid="35" />
                <SequencePoint vc="0" uspid="3359" ordinal="0" offset="508" sl="112" sc="0" el="112" ec="0" bec="0" bev="0" fileid="35" />
                <SequencePoint vc="0" uspid="3360" ordinal="0" offset="540" sl="115" sc="0" el="115" ec="0" bec="0" bev="0" fileid="35" />
                <SequencePoint vc="0" uspid="3361" ordinal="0" offset="574" sl="116" sc="0" el="116" ec="0" bec="0" bev="0" fileid="35" />
              </SequencePoints>
              <BranchPoints />
            </Method>
          </Methods>
        </Class>
        <Class>
          <Summary numSequencePoints="11" visitedSequencePoints="0" numBranchPoints="0" visitedBranchPoints="0" sequenceCoverage="0.0" branchCoverage="0.0" maxCyclomaticComplexity="0" minCyclomaticComplexity="0" maxCrapScore="0" minCrapScore="0" visitedClasses="0" numClasses="1" visitedMethods="0" numMethods="1" />
          <FullName>Tests.TestIntegration_FlappyBird/&lt;Integration_UI_Score_Update&gt;d__3</FullName>
          <Methods>
            <Method visited="false" cyclomaticComplexity="0" nPathComplexity="0" sequenceCoverage="0.0" branchCoverage="0" crapScore="0" isConstructor="false" isStatic="false" isGetter="false" isSetter="false">
              <Summary numSequencePoints="11" visitedSequencePoints="0" numBranchPoints="0" visitedBranchPoints="0" sequenceCoverage="0.0" branchCoverage="0" maxCyclomaticComplexity="0" minCyclomaticComplexity="0" maxCrapScore="0" minCrapScore="0" visitedClasses="0" numClasses="0" visitedMethods="0" numMethods="1" />
              <MetadataToken>100663546</MetadataToken>
              <Name>System.Boolean Tests.TestIntegration_FlappyBird/&lt;Integration_UI_Score_Update&gt;d__3::MoveNext()</Name>
              <FileRef uid="35" />
              <SequencePoints>
                <SequencePoint vc="0" uspid="3362" ordinal="0" offset="34" sl="31" sc="0" el="31" ec="0" bec="0" bev="0" fileid="35" />
                <SequencePoint vc="0" uspid="3363" ordinal="0" offset="35" sl="33" sc="0" el="33" ec="0" bec="0" bev="0" fileid="35" />
                <SequencePoint vc="0" uspid="3364" ordinal="0" offset="51" sl="35" sc="0" el="35" ec="0" bec="0" bev="0" fileid="35" />
                <SequencePoint vc="0" uspid="3365" ordinal="0" offset="68" sl="37" sc="0" el="37" ec="0" bec="0" bev="0" fileid="35" />
                <SequencePoint vc="0" uspid="3366" ordinal="0" offset="84" sl="38" sc="0" el="38" ec="0" bec="0" bev="0" fileid="35" />
                <SequencePoint vc="0" uspid="3367" ordinal="0" offset="101" sl="41" sc="0" el="41" ec="0" bec="0" bev="0" fileid="35" />
                <SequencePoint vc="0" uspid="3368" ordinal="0" offset="118" sl="42" sc="0" el="42" ec="0" bec="0" bev="0" fileid="35" />
                <SequencePoint vc="0" uspid="3369" ordinal="0" offset="130" sl="46" sc="0" el="46" ec="0" bec="0" bev="0" fileid="35" />
                <SequencePoint vc="0" uspid="3370" ordinal="0" offset="142" sl="47" sc="0" el="47" ec="0" bec="0" bev="0" fileid="35" />
                <SequencePoint vc="0" uspid="3371" ordinal="0" offset="165" sl="50" sc="0" el="50" ec="0" bec="0" bev="0" fileid="35" />
                <SequencePoint vc="0" uspid="3372" ordinal="0" offset="197" sl="51" sc="0" el="51" ec="0" bec="0" bev="0" fileid="35" />
              </SequencePoints>
              <BranchPoints />
            </Method>
          </Methods>
        </Class>
        <Class>
          <Summary numSequencePoints="14" visitedSequencePoints="0" numBranchPoints="0" visitedBranchPoints="0" sequenceCoverage="0.0" branchCoverage="0.0" maxCyclomaticComplexity="0" minCyclomaticComplexity="0" maxCrapScore="0" minCrapScore="0" visitedClasses="0" numClasses="1" visitedMethods="0" numMethods="1" />
          <FullName>Tests.TestUI_MainMenu/&lt;Test_Menu_ClickExitButton_KhongCoLoi&gt;d__3</FullName>
          <Methods>
            <Method visited="false" cyclomaticComplexity="0" nPathComplexity="0" sequenceCoverage="0.0" branchCoverage="0" crapScore="0" isConstructor="false" isStatic="false" isGetter="false" isSetter="false">
              <Summary numSequencePoints="14" visitedSequencePoints="0" numBranchPoints="0" visitedBranchPoints="0" sequenceCoverage="0.0" branchCoverage="0" maxCyclomaticComplexity="0" minCyclomaticComplexity="0" maxCrapScore="0" minCrapScore="0" visitedClasses="0" numClasses="0" visitedMethods="0" numMethods="1" />
              <MetadataToken>100663552</MetadataToken>
              <Name>System.Boolean Tests.TestUI_MainMenu/&lt;Test_Menu_ClickExitButton_KhongCoLoi&gt;d__3::MoveNext()</Name>
              <FileRef uid="36" />
              <SequencePoints>
                <SequencePoint vc="0" uspid="3373" ordinal="0" offset="63" sl="64" sc="0" el="64" ec="0" bec="0" bev="0" fileid="36" />
                <SequencePoint vc="0" uspid="3374" ordinal="0" offset="64" sl="66" sc="0" el="66" ec="0" bec="0" bev="0" fileid="36" />
                <SequencePoint vc="0" uspid="3375" ordinal="0" offset="75" sl="67" sc="0" el="67" ec="0" bec="0" bev="0" fileid="36" />
                <SequencePoint vc="0" uspid="3376" ordinal="0" offset="98" sl="69" sc="0" el="69" ec="0" bec="0" bev="0" fileid="36" />
                <SequencePoint vc="0" uspid="3377" ordinal="0" offset="114" sl="70" sc="0" el="70" ec="0" bec="0" bev="0" fileid="36" />
                <SequencePoint vc="0" uspid="3378" ordinal="0" offset="136" sl="72" sc="0" el="72" ec="0" bec="0" bev="0" fileid="36" />
                <SequencePoint vc="0" uspid="3379" ordinal="0" offset="153" sl="73" sc="0" el="73" ec="0" bec="0" bev="0" fileid="36" />
                <SequencePoint vc="0" uspid="3380" ordinal="0" offset="216" sl="75" sc="0" el="75" ec="0" bec="0" bev="0" fileid="36" />
                <SequencePoint vc="0" uspid="3381" ordinal="0" offset="248" sl="78" sc="0" el="78" ec="0" bec="0" bev="0" fileid="36" />
                <SequencePoint vc="0" uspid="3382" ordinal="0" offset="295" sl="79" sc="0" el="79" ec="0" bec="0" bev="0" fileid="36" />
                <SequencePoint vc="0" uspid="3383" ordinal="0" offset="318" sl="80" sc="0" el="80" ec="0" bec="0" bev="0" fileid="36" />
                <SequencePoint vc="0" uspid="3384" ordinal="0" offset="365" sl="82" sc="0" el="82" ec="0" bec="0" bev="0" fileid="36" />
                <SequencePoint vc="0" uspid="3385" ordinal="0" offset="397" sl="86" sc="0" el="86" ec="0" bec="0" bev="0" fileid="36" />
                <SequencePoint vc="0" uspid="3386" ordinal="0" offset="408" sl="87" sc="0" el="87" ec="0" bec="0" bev="0" fileid="36" />
              </SequencePoints>
              <BranchPoints />
            </Method>
          </Methods>
        </Class>
        <Class>
          <Summary numSequencePoints="16" visitedSequencePoints="0" numBranchPoints="0" visitedBranchPoints="0" sequenceCoverage="0.0" branchCoverage="0.0" maxCyclomaticComplexity="0" minCyclomaticComplexity="0" maxCrapScore="0" minCrapScore="0" visitedClasses="0" numClasses="1" visitedMethods="0" numMethods="1" />
          <FullName>Tests.TestUI_MainMenu/&lt;Test_Menu_ClickStartButton_ChuyenSangSceneGameplay&gt;d__2</FullName>
          <Methods>
            <Method visited="false" cyclomaticComplexity="0" nPathComplexity="0" sequenceCoverage="0.0" branchCoverage="0" crapScore="0" isConstructor="false" isStatic="false" isGetter="false" isSetter="false">
              <Summary numSequencePoints="16" visitedSequencePoints="0" numBranchPoints="0" visitedBranchPoints="0" sequenceCoverage="0.0" branchCoverage="0" maxCyclomaticComplexity="0" minCyclomaticComplexity="0" maxCrapScore="0" minCrapScore="0" visitedClasses="0" numClasses="0" visitedMethods="0" numMethods="1" />
              <MetadataToken>100663558</MetadataToken>
              <Name>System.Boolean Tests.TestUI_MainMenu/&lt;Test_Menu_ClickStartButton_ChuyenSangSceneGameplay&gt;d__2::MoveNext()</Name>
              <FileRef uid="36" />
              <SequencePoints>
                <SequencePoint vc="0" uspid="3387" ordinal="0" offset="63" sl="26" sc="0" el="26" ec="0" bec="0" bev="0" fileid="36" />
                <SequencePoint vc="0" uspid="3388" ordinal="0" offset="64" sl="28" sc="0" el="28" ec="0" bec="0" bev="0" fileid="36" />
                <SequencePoint vc="0" uspid="3389" ordinal="0" offset="75" sl="31" sc="0" el="31" ec="0" bec="0" bev="0" fileid="36" />
                <SequencePoint vc="0" uspid="3390" ordinal="0" offset="98" sl="34" sc="0" el="34" ec="0" bec="0" bev="0" fileid="36" />
                <SequencePoint vc="0" uspid="3391" ordinal="0" offset="114" sl="35" sc="0" el="35" ec="0" bec="0" bev="0" fileid="36" />
                <SequencePoint vc="0" uspid="3392" ordinal="0" offset="136" sl="38" sc="0" el="38" ec="0" bec="0" bev="0" fileid="36" />
                <SequencePoint vc="0" uspid="3393" ordinal="0" offset="153" sl="39" sc="0" el="39" ec="0" bec="0" bev="0" fileid="36" />
                <SequencePoint vc="0" uspid="3394" ordinal="0" offset="175" sl="43" sc="0" el="43" ec="0" bec="0" bev="0" fileid="36" />
                <SequencePoint vc="0" uspid="3395" ordinal="0" offset="228" sl="46" sc="0" el="46" ec="0" bec="0" bev="0" fileid="36" />
                <SequencePoint vc="0" uspid="3396" ordinal="0" offset="260" sl="49" sc="0" el="49" ec="0" bec="0" bev="0" fileid="36" />
                <SequencePoint vc="0" uspid="3397" ordinal="0" offset="307" sl="50" sc="0" el="50" ec="0" bec="0" bev="0" fileid="36" />
                <SequencePoint vc="0" uspid="3398" ordinal="0" offset="330" sl="51" sc="0" el="51" ec="0" bec="0" bev="0" fileid="36" />
                <SequencePoint vc="0" uspid="3399" ordinal="0" offset="377" sl="55" sc="0" el="55" ec="0" bec="0" bev="0" fileid="36" />
                <SequencePoint vc="0" uspid="3400" ordinal="0" offset="409" sl="58" sc="0" el="58" ec="0" bec="0" bev="0" fileid="36" />
                <SequencePoint vc="0" uspid="3401" ordinal="0" offset="428" sl="59" sc="0" el="59" ec="0" bec="0" bev="0" fileid="36" />
                <SequencePoint vc="0" uspid="3402" ordinal="0" offset="455" sl="60" sc="0" el="60" ec="0" bec="0" bev="0" fileid="36" />
              </SequencePoints>
              <BranchPoints />
            </Method>
          </Methods>
        </Class>
      </Classes>
    </Module>
  </Modules>
</CoverageSession>